[2014-04-14 15:46:29] request.ERROR: Uncaught PHP Exception Symfony\Component\HttpKernel\Exception\NotFoundHttpException: "No route found for "GET /demo/hello/Fabien"" at C:\wamp\www\GIT\Symfony2.4\vendor\symfony\symfony\src\Symfony\Component\HttpKernel\EventListener\RouterListener.php line 144 {"exception":"[object] (Symfony\\Component\\HttpKernel\\Exception\\NotFoundHttpException: No route found for \"GET /demo/hello/Fabien\" at C:\\wamp\\www\\GIT\\Symfony2.4\\vendor\\symfony\\symfony\\src\\Symfony\\Component\\HttpKernel\\EventListener\\RouterListener.php:144, Symfony\\Component\\Routing\\Exception\\ResourceNotFoundException:  at C:\\wamp\\www\\GIT\\Symfony2.4\\app\\cache\\prod\\appProdUrlMatcher.php:32)"} []
[2014-04-14 15:48:19] request.ERROR: Uncaught PHP Exception Symfony\Component\HttpKernel\Exception\NotFoundHttpException: "No route found for "GET /"" at C:\wamp\www\GIT\Symfony2.4\vendor\symfony\symfony\src\Symfony\Component\HttpKernel\EventListener\RouterListener.php line 144 {"exception":"[object] (Symfony\\Component\\HttpKernel\\Exception\\NotFoundHttpException: No route found for \"GET /\" at C:\\wamp\\www\\GIT\\Symfony2.4\\vendor\\symfony\\symfony\\src\\Symfony\\Component\\HttpKernel\\EventListener\\RouterListener.php:144, Symfony\\Component\\Routing\\Exception\\ResourceNotFoundException:  at C:\\wamp\\www\\GIT\\Symfony2.4\\app\\cache\\prod\\appProdUrlMatcher.php:32)"} []
[2014-04-14 15:49:00] request.ERROR: Uncaught PHP Exception Symfony\Component\HttpKernel\Exception\NotFoundHttpException: "No route found for "GET /demo/hello/Fabien"" at C:\wamp\www\GIT\Symfony2.4\app\cache\prod\classes.php line 1964 {"exception":"[object] (Symfony\\Component\\HttpKernel\\Exception\\NotFoundHttpException: No route found for \"GET /demo/hello/Fabien\" at C:\\wamp\\www\\GIT\\Symfony2.4\\app\\cache\\prod\\classes.php:1964, Symfony\\Component\\Routing\\Exception\\ResourceNotFoundException:  at C:\\wamp\\www\\GIT\\Symfony2.4\\app\\cache\\prod\\appProdUrlMatcher.php:32)"} []
[2014-04-14 15:49:46] request.ERROR: Uncaught PHP Exception Symfony\Component\HttpKernel\Exception\NotFoundHttpException: "No route found for "GET /demo/hello/Fabien"" at C:\wamp\www\GIT\Symfony2.4\app\cache\prod\classes.php line 1964 {"exception":"[object] (Symfony\\Component\\HttpKernel\\Exception\\NotFoundHttpException: No route found for \"GET /demo/hello/Fabien\" at C:\\wamp\\www\\GIT\\Symfony2.4\\app\\cache\\prod\\classes.php:1964, Symfony\\Component\\Routing\\Exception\\ResourceNotFoundException:  at C:\\wamp\\www\\GIT\\Symfony2.4\\app\\cache\\prod\\appProdUrlMatcher.php:32)"} []
[2014-04-14 15:49:52] request.ERROR: Uncaught PHP Exception Symfony\Component\HttpKernel\Exception\NotFoundHttpException: "No route found for "GET /app_devdemo/hello/Fabien"" at C:\wamp\www\GIT\Symfony2.4\app\cache\prod\classes.php line 1964 {"exception":"[object] (Symfony\\Component\\HttpKernel\\Exception\\NotFoundHttpException: No route found for \"GET /app_devdemo/hello/Fabien\" at C:\\wamp\\www\\GIT\\Symfony2.4\\app\\cache\\prod\\classes.php:1964, Symfony\\Component\\Routing\\Exception\\ResourceNotFoundException:  at C:\\wamp\\www\\GIT\\Symfony2.4\\app\\cache\\prod\\appProdUrlMatcher.php:32)"} []
[2014-04-14 15:49:56] request.ERROR: Uncaught PHP Exception Symfony\Component\HttpKernel\Exception\NotFoundHttpException: "No route found for "GET /app_dev/demo/hello/Fabien"" at C:\wamp\www\GIT\Symfony2.4\app\cache\prod\classes.php line 1964 {"exception":"[object] (Symfony\\Component\\HttpKernel\\Exception\\NotFoundHttpException: No route found for \"GET /app_dev/demo/hello/Fabien\" at C:\\wamp\\www\\GIT\\Symfony2.4\\app\\cache\\prod\\classes.php:1964, Symfony\\Component\\Routing\\Exception\\ResourceNotFoundException:  at C:\\wamp\\www\\GIT\\Symfony2.4\\app\\cache\\prod\\appProdUrlMatcher.php:32)"} []
[2014-04-14 16:03:02] request.ERROR: Uncaught PHP Exception Symfony\Component\HttpKernel\Exception\NotFoundHttpException: "No route found for "GET /demo/hello/Fabien"" at C:\wamp\www\GIT\Symfony2.4\app\cache\prod\classes.php line 1964 {"exception":"[object] (Symfony\\Component\\HttpKernel\\Exception\\NotFoundHttpException: No route found for \"GET /demo/hello/Fabien\" at C:\\wamp\\www\\GIT\\Symfony2.4\\app\\cache\\prod\\classes.php:1964, Symfony\\Component\\Routing\\Exception\\ResourceNotFoundException:  at C:\\wamp\\www\\GIT\\Symfony2.4\\app\\cache\\prod\\appProdUrlMatcher.php:32)"} []
[2014-04-14 16:08:15] request.ERROR: Uncaught PHP Exception Symfony\Component\HttpKernel\Exception\NotFoundHttpException: "No route found for "GET /demo/hello/Fabien"" at C:\wamp\www\GIT\Symfony2.4\app\cache\prod\classes.php line 1964 {"exception":"[object] (Symfony\\Component\\HttpKernel\\Exception\\NotFoundHttpException: No route found for \"GET /demo/hello/Fabien\" at C:\\wamp\\www\\GIT\\Symfony2.4\\app\\cache\\prod\\classes.php:1964, Symfony\\Component\\Routing\\Exception\\ResourceNotFoundException:  at C:\\wamp\\www\\GIT\\Symfony2.4\\app\\cache\\prod\\appProdUrlMatcher.php:32)"} []
[2014-04-14 16:16:16] request.ERROR: Uncaught PHP Exception Symfony\Component\HttpKernel\Exception\NotFoundHttpException: "No route found for "GET /"" at C:\wamp\www\GIT\Symfony2.4\app\cache\prod\classes.php line 1964 {"exception":"[object] (Symfony\\Component\\HttpKernel\\Exception\\NotFoundHttpException: No route found for \"GET /\" at C:\\wamp\\www\\GIT\\Symfony2.4\\app\\cache\\prod\\classes.php:1964, Symfony\\Component\\Routing\\Exception\\ResourceNotFoundException:  at C:\\wamp\\www\\GIT\\Symfony2.4\\app\\cache\\prod\\appProdUrlMatcher.php:32)"} []
[2014-04-14 16:23:40] request.ERROR: Uncaught PHP Exception Symfony\Component\HttpKernel\Exception\NotFoundHttpException: "No route found for "GET /demo/hello/Fabien"" at C:\wamp\www\GIT\Symfony2.4\app\cache\prod\classes.php line 1964 {"exception":"[object] (Symfony\\Component\\HttpKernel\\Exception\\NotFoundHttpException: No route found for \"GET /demo/hello/Fabien\" at C:\\wamp\\www\\GIT\\Symfony2.4\\app\\cache\\prod\\classes.php:1964, Symfony\\Component\\Routing\\Exception\\ResourceNotFoundException:  at C:\\wamp\\www\\GIT\\Symfony2.4\\app\\cache\\prod\\appProdUrlMatcher.php:32)"} []
[2014-04-14 16:23:44] request.ERROR: Uncaught PHP Exception Symfony\Component\HttpKernel\Exception\NotFoundHttpException: "No route found for "GET /"" at C:\wamp\www\GIT\Symfony2.4\app\cache\prod\classes.php line 1964 {"exception":"[object] (Symfony\\Component\\HttpKernel\\Exception\\NotFoundHttpException: No route found for \"GET /\" at C:\\wamp\\www\\GIT\\Symfony2.4\\app\\cache\\prod\\classes.php:1964, Symfony\\Component\\Routing\\Exception\\ResourceNotFoundException:  at C:\\wamp\\www\\GIT\\Symfony2.4\\app\\cache\\prod\\appProdUrlMatcher.php:32)"} []
[2014-04-15 13:19:22] request.ERROR: Uncaught PHP Exception Symfony\Component\HttpKernel\Exception\NotFoundHttpException: "No route found for "GET /"" at C:\wamp\www\GIT\Symfony2.4\app\cache\prod\classes.php line 1964 {"exception":"[object] (Symfony\\Component\\HttpKernel\\Exception\\NotFoundHttpException: No route found for \"GET /\" at C:\\wamp\\www\\GIT\\Symfony2.4\\app\\cache\\prod\\classes.php:1964, Symfony\\Component\\Routing\\Exception\\ResourceNotFoundException:  at C:\\wamp\\www\\GIT\\Symfony2.4\\app\\cache\\prod\\appProdUrlMatcher.php:32)"} []
[2014-04-15 15:23:31] request.ERROR: Uncaught PHP Exception Symfony\Component\HttpKernel\Exception\NotFoundHttpException: "No route found for "GET /"" at C:\wamp\www\GIT\Symfony2.4\app\cache\prod\classes.php line 1964 {"exception":"[object] (Symfony\\Component\\HttpKernel\\Exception\\NotFoundHttpException: No route found for \"GET /\" at C:\\wamp\\www\\GIT\\Symfony2.4\\app\\cache\\prod\\classes.php:1964, Symfony\\Component\\Routing\\Exception\\ResourceNotFoundException:  at C:\\wamp\\www\\GIT\\Symfony2.4\\app\\cache\\prod\\appProdUrlMatcher.php:32)"} []
[2014-04-26 23:33:30] request.ERROR: Uncaught PHP Exception Symfony\Component\HttpKernel\Exception\NotFoundHttpException: "No route found for "GET /"" at C:\wamp\www\GIT\Symfony2.4\app\cache\prod\classes.php line 1964 {"exception":"[object] (Symfony\\Component\\HttpKernel\\Exception\\NotFoundHttpException: No route found for \"GET /\" at C:\\wamp\\www\\GIT\\Symfony2.4\\app\\cache\\prod\\classes.php:1964, Symfony\\Component\\Routing\\Exception\\ResourceNotFoundException:  at C:\\wamp\\www\\GIT\\Symfony2.4\\app\\cache\\prod\\appProdUrlMatcher.php:32)"} []
[2014-04-27 00:18:50] request.ERROR: Uncaught PHP Exception Symfony\Component\HttpKernel\Exception\NotFoundHttpException: "No route found for "GET /"" at C:\wamp\www\GIT\Symfony2.4\app\cache\prod\classes.php line 1964 {"exception":"[object] (Symfony\\Component\\HttpKernel\\Exception\\NotFoundHttpException: No route found for \"GET /\" at C:\\wamp\\www\\GIT\\Symfony2.4\\app\\cache\\prod\\classes.php:1964, Symfony\\Component\\Routing\\Exception\\ResourceNotFoundException:  at C:\\wamp\\www\\GIT\\Symfony2.4\\app\\cache\\prod\\appProdUrlMatcher.php:32)"} []
[2014-04-27 00:18:59] request.ERROR: Uncaught PHP Exception Symfony\Component\HttpKernel\Exception\NotFoundHttpException: "No route found for "GET /demo/hello/Fabien"" at C:\wamp\www\GIT\Symfony2.4\app\cache\prod\classes.php line 1964 {"exception":"[object] (Symfony\\Component\\HttpKernel\\Exception\\NotFoundHttpException: No route found for \"GET /demo/hello/Fabien\" at C:\\wamp\\www\\GIT\\Symfony2.4\\app\\cache\\prod\\classes.php:1964, Symfony\\Component\\Routing\\Exception\\ResourceNotFoundException:  at C:\\wamp\\www\\GIT\\Symfony2.4\\app\\cache\\prod\\appProdUrlMatcher.php:32)"} []
[2014-04-27 00:19:02] request.ERROR: Uncaught PHP Exception Symfony\Component\HttpKernel\Exception\NotFoundHttpException: "No route found for "GET /demo/hello/Fabien"" at C:\wamp\www\GIT\Symfony2.4\app\cache\prod\classes.php line 1964 {"exception":"[object] (Symfony\\Component\\HttpKernel\\Exception\\NotFoundHttpException: No route found for \"GET /demo/hello/Fabien\" at C:\\wamp\\www\\GIT\\Symfony2.4\\app\\cache\\prod\\classes.php:1964, Symfony\\Component\\Routing\\Exception\\ResourceNotFoundException:  at C:\\wamp\\www\\GIT\\Symfony2.4\\app\\cache\\prod\\appProdUrlMatcher.php:32)"} []
[2014-04-27 00:21:31] request.ERROR: Uncaught PHP Exception Symfony\Component\HttpKernel\Exception\NotFoundHttpException: "No route found for "GET /demo/hello/Fabien"" at C:\wamp\www\GIT\Symfony2.4\app\cache\prod\classes.php line 1964 {"exception":"[object] (Symfony\\Component\\HttpKernel\\Exception\\NotFoundHttpException: No route found for \"GET /demo/hello/Fabien\" at C:\\wamp\\www\\GIT\\Symfony2.4\\app\\cache\\prod\\classes.php:1964, Symfony\\Component\\Routing\\Exception\\ResourceNotFoundException:  at C:\\wamp\\www\\GIT\\Symfony2.4\\app\\cache\\prod\\appProdUrlMatcher.php:32)"} []
[2014-04-27 00:21:33] request.ERROR: Uncaught PHP Exception Symfony\Component\HttpKernel\Exception\NotFoundHttpException: "No route found for "GET /"" at C:\wamp\www\GIT\Symfony2.4\app\cache\prod\classes.php line 1964 {"exception":"[object] (Symfony\\Component\\HttpKernel\\Exception\\NotFoundHttpException: No route found for \"GET /\" at C:\\wamp\\www\\GIT\\Symfony2.4\\app\\cache\\prod\\classes.php:1964, Symfony\\Component\\Routing\\Exception\\ResourceNotFoundException:  at C:\\wamp\\www\\GIT\\Symfony2.4\\app\\cache\\prod\\appProdUrlMatcher.php:32)"} []
[2014-04-27 00:21:57] request.ERROR: Uncaught PHP Exception Symfony\Component\HttpKernel\Exception\NotFoundHttpException: "No route found for "GET /"" at C:\wamp\www\GIT\Symfony2.4\app\cache\prod\classes.php line 1964 {"exception":"[object] (Symfony\\Component\\HttpKernel\\Exception\\NotFoundHttpException: No route found for \"GET /\" at C:\\wamp\\www\\GIT\\Symfony2.4\\app\\cache\\prod\\classes.php:1964, Symfony\\Component\\Routing\\Exception\\ResourceNotFoundException:  at C:\\wamp\\www\\GIT\\Symfony2.4\\app\\cache\\prod\\appProdUrlMatcher.php:32)"} []
[2014-04-27 00:24:12] request.ERROR: Uncaught PHP Exception Symfony\Component\HttpKernel\Exception\NotFoundHttpException: "No route found for "GET /"" at C:\wamp\www\GIT\Symfony2.4\app\cache\prod\classes.php line 1964 {"exception":"[object] (Symfony\\Component\\HttpKernel\\Exception\\NotFoundHttpException: No route found for \"GET /\" at C:\\wamp\\www\\GIT\\Symfony2.4\\app\\cache\\prod\\classes.php:1964, Symfony\\Component\\Routing\\Exception\\ResourceNotFoundException:  at C:\\wamp\\www\\GIT\\Symfony2.4\\app\\cache\\prod\\appProdUrlMatcher.php:32)"} []
[2014-04-27 00:24:13] request.ERROR: Uncaught PHP Exception Symfony\Component\HttpKernel\Exception\NotFoundHttpException: "No route found for "GET /"" at C:\wamp\www\GIT\Symfony2.4\app\cache\prod\classes.php line 1964 {"exception":"[object] (Symfony\\Component\\HttpKernel\\Exception\\NotFoundHttpException: No route found for \"GET /\" at C:\\wamp\\www\\GIT\\Symfony2.4\\app\\cache\\prod\\classes.php:1964, Symfony\\Component\\Routing\\Exception\\ResourceNotFoundException:  at C:\\wamp\\www\\GIT\\Symfony2.4\\app\\cache\\prod\\appProdUrlMatcher.php:32)"} []
[2014-04-27 00:24:16] request.ERROR: Uncaught PHP Exception Symfony\Component\HttpKernel\Exception\NotFoundHttpException: "No route found for "GET /"" at C:\wamp\www\GIT\Symfony2.4\app\cache\prod\classes.php line 1964 {"exception":"[object] (Symfony\\Component\\HttpKernel\\Exception\\NotFoundHttpException: No route found for \"GET /\" at C:\\wamp\\www\\GIT\\Symfony2.4\\app\\cache\\prod\\classes.php:1964, Symfony\\Component\\Routing\\Exception\\ResourceNotFoundException:  at C:\\wamp\\www\\GIT\\Symfony2.4\\app\\cache\\prod\\appProdUrlMatcher.php:32)"} []
[2014-04-27 00:24:23] request.ERROR: Uncaught PHP Exception Symfony\Component\HttpKernel\Exception\NotFoundHttpException: "No route found for "GET /demo/hello/Fabien"" at C:\wamp\www\GIT\Symfony2.4\app\cache\prod\classes.php line 1964 {"exception":"[object] (Symfony\\Component\\HttpKernel\\Exception\\NotFoundHttpException: No route found for \"GET /demo/hello/Fabien\" at C:\\wamp\\www\\GIT\\Symfony2.4\\app\\cache\\prod\\classes.php:1964, Symfony\\Component\\Routing\\Exception\\ResourceNotFoundException:  at C:\\wamp\\www\\GIT\\Symfony2.4\\app\\cache\\prod\\appProdUrlMatcher.php:32)"} []
[2014-04-27 00:25:46] request.ERROR: Uncaught PHP Exception Symfony\Component\HttpKernel\Exception\NotFoundHttpException: "No route found for "GET /demo/hello/Fabien"" at C:\wamp\www\GIT\Symfony2.4\app\cache\prod\classes.php line 1964 {"exception":"[object] (Symfony\\Component\\HttpKernel\\Exception\\NotFoundHttpException: No route found for \"GET /demo/hello/Fabien\" at C:\\wamp\\www\\GIT\\Symfony2.4\\app\\cache\\prod\\classes.php:1964, Symfony\\Component\\Routing\\Exception\\ResourceNotFoundException:  at C:\\wamp\\www\\GIT\\Symfony2.4\\app\\cache\\prod\\appProdUrlMatcher.php:32)"} []
[2014-04-27 00:25:47] request.ERROR: Uncaught PHP Exception Symfony\Component\HttpKernel\Exception\NotFoundHttpException: "No route found for "GET /demo/hello/Fabien"" at C:\wamp\www\GIT\Symfony2.4\app\cache\prod\classes.php line 1964 {"exception":"[object] (Symfony\\Component\\HttpKernel\\Exception\\NotFoundHttpException: No route found for \"GET /demo/hello/Fabien\" at C:\\wamp\\www\\GIT\\Symfony2.4\\app\\cache\\prod\\classes.php:1964, Symfony\\Component\\Routing\\Exception\\ResourceNotFoundException:  at C:\\wamp\\www\\GIT\\Symfony2.4\\app\\cache\\prod\\appProdUrlMatcher.php:32)"} []
[2014-04-27 00:26:35] request.ERROR: Uncaught PHP Exception Symfony\Component\HttpKernel\Exception\NotFoundHttpException: "No route found for "GET /demo/hello/Fabien"" at C:\wamp\www\GIT\Symfony2.4\app\cache\prod\classes.php line 1964 {"exception":"[object] (Symfony\\Component\\HttpKernel\\Exception\\NotFoundHttpException: No route found for \"GET /demo/hello/Fabien\" at C:\\wamp\\www\\GIT\\Symfony2.4\\app\\cache\\prod\\classes.php:1964, Symfony\\Component\\Routing\\Exception\\ResourceNotFoundException:  at C:\\wamp\\www\\GIT\\Symfony2.4\\app\\cache\\prod\\appProdUrlMatcher.php:32)"} []
[2014-04-27 00:26:37] request.ERROR: Uncaught PHP Exception Symfony\Component\HttpKernel\Exception\NotFoundHttpException: "No route found for "GET /"" at C:\wamp\www\GIT\Symfony2.4\app\cache\prod\classes.php line 1964 {"exception":"[object] (Symfony\\Component\\HttpKernel\\Exception\\NotFoundHttpException: No route found for \"GET /\" at C:\\wamp\\www\\GIT\\Symfony2.4\\app\\cache\\prod\\classes.php:1964, Symfony\\Component\\Routing\\Exception\\ResourceNotFoundException:  at C:\\wamp\\www\\GIT\\Symfony2.4\\app\\cache\\prod\\appProdUrlMatcher.php:32)"} []
[2014-04-27 00:27:00] request.ERROR: Uncaught PHP Exception Symfony\Component\HttpKernel\Exception\NotFoundHttpException: "No route found for "GET /"" at C:\wamp\www\GIT\Symfony2.4\app\cache\prod\classes.php line 1964 {"exception":"[object] (Symfony\\Component\\HttpKernel\\Exception\\NotFoundHttpException: No route found for \"GET /\" at C:\\wamp\\www\\GIT\\Symfony2.4\\app\\cache\\prod\\classes.php:1964, Symfony\\Component\\Routing\\Exception\\ResourceNotFoundException:  at C:\\wamp\\www\\GIT\\Symfony2.4\\app\\cache\\prod\\appProdUrlMatcher.php:32)"} []
[2014-04-27 00:27:01] request.ERROR: Uncaught PHP Exception Symfony\Component\HttpKernel\Exception\NotFoundHttpException: "No route found for "GET /"" at C:\wamp\www\GIT\Symfony2.4\app\cache\prod\classes.php line 1964 {"exception":"[object] (Symfony\\Component\\HttpKernel\\Exception\\NotFoundHttpException: No route found for \"GET /\" at C:\\wamp\\www\\GIT\\Symfony2.4\\app\\cache\\prod\\classes.php:1964, Symfony\\Component\\Routing\\Exception\\ResourceNotFoundException:  at C:\\wamp\\www\\GIT\\Symfony2.4\\app\\cache\\prod\\appProdUrlMatcher.php:32)"} []
[2014-04-27 00:27:01] request.ERROR: Uncaught PHP Exception Symfony\Component\HttpKernel\Exception\NotFoundHttpException: "No route found for "GET /"" at C:\wamp\www\GIT\Symfony2.4\app\cache\prod\classes.php line 1964 {"exception":"[object] (Symfony\\Component\\HttpKernel\\Exception\\NotFoundHttpException: No route found for \"GET /\" at C:\\wamp\\www\\GIT\\Symfony2.4\\app\\cache\\prod\\classes.php:1964, Symfony\\Component\\Routing\\Exception\\ResourceNotFoundException:  at C:\\wamp\\www\\GIT\\Symfony2.4\\app\\cache\\prod\\appProdUrlMatcher.php:32)"} []
[2014-04-27 00:27:02] request.ERROR: Uncaught PHP Exception Symfony\Component\HttpKernel\Exception\NotFoundHttpException: "No route found for "GET /"" at C:\wamp\www\GIT\Symfony2.4\app\cache\prod\classes.php line 1964 {"exception":"[object] (Symfony\\Component\\HttpKernel\\Exception\\NotFoundHttpException: No route found for \"GET /\" at C:\\wamp\\www\\GIT\\Symfony2.4\\app\\cache\\prod\\classes.php:1964, Symfony\\Component\\Routing\\Exception\\ResourceNotFoundException:  at C:\\wamp\\www\\GIT\\Symfony2.4\\app\\cache\\prod\\appProdUrlMatcher.php:32)"} []
[2014-04-27 00:27:03] request.ERROR: Uncaught PHP Exception Symfony\Component\HttpKernel\Exception\NotFoundHttpException: "No route found for "GET /"" at C:\wamp\www\GIT\Symfony2.4\app\cache\prod\classes.php line 1964 {"exception":"[object] (Symfony\\Component\\HttpKernel\\Exception\\NotFoundHttpException: No route found for \"GET /\" at C:\\wamp\\www\\GIT\\Symfony2.4\\app\\cache\\prod\\classes.php:1964, Symfony\\Component\\Routing\\Exception\\ResourceNotFoundException:  at C:\\wamp\\www\\GIT\\Symfony2.4\\app\\cache\\prod\\appProdUrlMatcher.php:32)"} []
[2014-04-27 00:30:40] request.ERROR: Uncaught PHP Exception Symfony\Component\HttpKernel\Exception\NotFoundHttpException: "No route found for "GET /"" at C:\wamp\www\GIT\Symfony2.4\app\cache\prod\classes.php line 1964 {"exception":"[object] (Symfony\\Component\\HttpKernel\\Exception\\NotFoundHttpException: No route found for \"GET /\" at C:\\wamp\\www\\GIT\\Symfony2.4\\app\\cache\\prod\\classes.php:1964, Symfony\\Component\\Routing\\Exception\\ResourceNotFoundException:  at C:\\wamp\\www\\GIT\\Symfony2.4\\app\\cache\\prod\\appProdUrlMatcher.php:32)"} []
[2014-04-27 00:30:42] request.ERROR: Uncaught PHP Exception Symfony\Component\HttpKernel\Exception\NotFoundHttpException: "No route found for "GET /"" at C:\wamp\www\GIT\Symfony2.4\app\cache\prod\classes.php line 1964 {"exception":"[object] (Symfony\\Component\\HttpKernel\\Exception\\NotFoundHttpException: No route found for \"GET /\" at C:\\wamp\\www\\GIT\\Symfony2.4\\app\\cache\\prod\\classes.php:1964, Symfony\\Component\\Routing\\Exception\\ResourceNotFoundException:  at C:\\wamp\\www\\GIT\\Symfony2.4\\app\\cache\\prod\\appProdUrlMatcher.php:32)"} []
[2014-04-27 00:31:45] request.ERROR: Uncaught PHP Exception Symfony\Component\HttpKernel\Exception\NotFoundHttpException: "No route found for "GET /"" at C:\wamp\www\GIT\Symfony2.4\app\cache\prod\classes.php line 1964 {"exception":"[object] (Symfony\\Component\\HttpKernel\\Exception\\NotFoundHttpException: No route found for \"GET /\" at C:\\wamp\\www\\GIT\\Symfony2.4\\app\\cache\\prod\\classes.php:1964, Symfony\\Component\\Routing\\Exception\\ResourceNotFoundException:  at C:\\wamp\\www\\GIT\\Symfony2.4\\app\\cache\\prod\\appProdUrlMatcher.php:32)"} []
[2014-04-27 00:33:53] event.DEBUG: Notified event "kernel.request" to listener "Symfony\Bundle\FrameworkBundle\EventListener\SessionListener::onKernelRequest". [] []
[2014-04-27 00:33:53] event.DEBUG: Notified event "kernel.request" to listener "Symfony\Component\HttpKernel\EventListener\FragmentListener::onKernelRequest". [] []
[2014-04-27 00:33:53] event.DEBUG: Notified event "kernel.request" to listener "Symfony\Component\HttpKernel\EventListener\RouterListener::onKernelRequest". [] []
[2014-04-27 00:33:53] event.DEBUG: Notified event "kernel.exception" to listener "Symfony\Component\HttpKernel\EventListener\ExceptionListener::onKernelException". [] []
[2014-04-27 00:33:53] request.CRITICAL: Uncaught PHP Exception Symfony\Component\Config\Exception\FileLoaderLoadException: "Cannot import resource "@AcmeDemoBundle/Resources/config/routing.yml" from "C:/wamp/www/GIT/Symfony2.4/app/config/routing.yml". Make sure the "AcmeDemoBundle/Resources/config/routing.yml" bundle is correctly registered and loaded in the application kernel class." at C:\wamp\www\GIT\Symfony2.4\vendor\symfony\symfony\src\Symfony\Component\Config\Loader\FileLoader.php line 104 {"exception":"[object] (Symfony\\Component\\Config\\Exception\\FileLoaderLoadException: Cannot import resource \"@AcmeDemoBundle/Resources/config/routing.yml\" from \"C:/wamp/www/GIT/Symfony2.4/app/config/routing.yml\". Make sure the \"AcmeDemoBundle/Resources/config/routing.yml\" bundle is correctly registered and loaded in the application kernel class. at C:\\wamp\\www\\GIT\\Symfony2.4\\vendor\\symfony\\symfony\\src\\Symfony\\Component\\Config\\Loader\\FileLoader.php:104, InvalidArgumentException: Bundle \"AcmeDemoBundle\" does not exist or it is not enabled. Maybe you forgot to add it in the registerBundles() method of your AppKernel.php file? at C:\\wamp\\www\\GIT\\Symfony2.4\\app\\bootstrap.php.cache:2329)"} []
[2014-04-27 00:33:53] event.DEBUG: Notified event "kernel.request" to listener "closure". [] []
[2014-04-27 00:33:53] event.DEBUG: Notified event "kernel.request" to listener "Symfony\Bundle\FrameworkBundle\EventListener\SessionListener::onKernelRequest". [] []
[2014-04-27 00:33:53] event.DEBUG: Notified event "kernel.request" to listener "closure". [] []
[2014-04-27 00:33:53] event.DEBUG: Notified event "kernel.request" to listener "Symfony\Component\HttpKernel\EventListener\FragmentListener::onKernelRequest". [] []
[2014-04-27 00:33:53] event.DEBUG: Notified event "kernel.request" to listener "closure". [] []
[2014-04-27 00:33:53] event.DEBUG: Notified event "kernel.request" to listener "Symfony\Component\HttpKernel\EventListener\RouterListener::onKernelRequest". [] []
[2014-04-27 00:33:53] event.DEBUG: Notified event "kernel.request" to listener "closure". [] []
[2014-04-27 00:33:53] event.DEBUG: Notified event "kernel.request" to listener "Symfony\Component\HttpKernel\EventListener\LocaleListener::onKernelRequest". [] []
[2014-04-27 00:33:53] event.DEBUG: Notified event "kernel.request" to listener "closure". [] []
[2014-04-27 00:33:53] event.DEBUG: Notified event "kernel.request" to listener "Symfony\Component\Security\Http\Firewall::onKernelRequest". [] []
[2014-04-27 00:33:53] event.DEBUG: Notified event "kernel.request" to listener "closure". [] []
[2014-04-27 00:33:53] event.DEBUG: Notified event "kernel.request" to listener "Symfony\Component\HttpKernel\EventListener\ErrorsLoggerListener::injectLogger". [] []
[2014-04-27 00:33:53] event.DEBUG: Notified event "kernel.request" to listener "closure". [] []
[2014-04-27 00:33:53] event.DEBUG: Notified event "kernel.request" to listener "Symfony\Component\HttpKernel\EventListener\ErrorsLoggerListener::injectLogger". [] []
[2014-04-27 00:33:53] event.DEBUG: Notified event "kernel.controller" to listener "Sensio\Bundle\FrameworkExtraBundle\EventListener\ControllerListener::onKernelController". [] []
[2014-04-27 00:33:53] event.DEBUG: Notified event "kernel.controller" to listener "Sensio\Bundle\FrameworkExtraBundle\EventListener\ParamConverterListener::onKernelController". [] []
[2014-04-27 00:33:53] event.DEBUG: Notified event "kernel.controller" to listener "Sensio\Bundle\FrameworkExtraBundle\EventListener\HttpCacheListener::onKernelController". [] []
[2014-04-27 00:33:53] event.DEBUG: Notified event "kernel.controller" to listener "Sensio\Bundle\FrameworkExtraBundle\EventListener\SecurityListener::onKernelController". [] []
[2014-04-27 00:33:53] event.DEBUG: Notified event "kernel.controller" to listener "Sensio\Bundle\FrameworkExtraBundle\EventListener\TemplateListener::onKernelController". [] []
[2014-04-27 00:33:54] event.DEBUG: Notified event "kernel.response" to listener "Symfony\Component\HttpKernel\EventListener\ResponseListener::onKernelResponse". [] []
[2014-04-27 00:33:54] event.DEBUG: Notified event "kernel.response" to listener "Symfony\Component\Security\Http\RememberMe\ResponseListener::onKernelResponse". [] []
[2014-04-27 00:33:54] event.DEBUG: Notified event "kernel.response" to listener "Sensio\Bundle\FrameworkExtraBundle\EventListener\HttpCacheListener::onKernelResponse". [] []
[2014-04-27 00:33:54] event.DEBUG: Notified event "kernel.response" to listener "Symfony\Component\HttpKernel\EventListener\StreamedResponseListener::onKernelResponse". [] []
[2014-04-27 00:33:54] event.DEBUG: Notified event "kernel.finish_request" to listener "Symfony\Component\HttpKernel\EventListener\LocaleListener::onKernelFinishRequest". [] []
[2014-04-27 00:33:54] event.DEBUG: Notified event "kernel.finish_request" to listener "Symfony\Component\HttpKernel\EventListener\RouterListener::onKernelFinishRequest". [] []
[2014-04-27 00:33:54] event.DEBUG: Notified event "kernel.finish_request" to listener "Symfony\Component\Security\Http\Firewall::onKernelFinishRequest". [] []
[2014-04-27 00:33:54] event.DEBUG: Listener "Symfony\Component\HttpKernel\EventListener\ExceptionListener::onKernelException" stopped propagation of the event "kernel.exception". [] []
[2014-04-27 00:33:54] event.DEBUG: Notified event "kernel.response" to listener "Symfony\Component\HttpKernel\EventListener\ResponseListener::onKernelResponse". [] []
[2014-04-27 00:33:54] event.DEBUG: Notified event "kernel.response" to listener "Symfony\Component\Security\Http\RememberMe\ResponseListener::onKernelResponse". [] []
[2014-04-27 00:33:54] event.DEBUG: Notified event "kernel.response" to listener "Sensio\Bundle\FrameworkExtraBundle\EventListener\HttpCacheListener::onKernelResponse". [] []
[2014-04-27 00:33:54] event.DEBUG: Notified event "kernel.response" to listener "Symfony\Component\HttpKernel\EventListener\StreamedResponseListener::onKernelResponse". [] []
[2014-04-27 00:33:54] event.DEBUG: Notified event "kernel.finish_request" to listener "Symfony\Component\HttpKernel\EventListener\LocaleListener::onKernelFinishRequest". [] []
[2014-04-27 00:33:54] event.DEBUG: Notified event "kernel.finish_request" to listener "Symfony\Component\HttpKernel\EventListener\RouterListener::onKernelFinishRequest". [] []
[2014-04-27 00:33:54] event.DEBUG: Notified event "kernel.finish_request" to listener "Symfony\Component\Security\Http\Firewall::onKernelFinishRequest". [] []
[2014-04-27 00:33:54] event.DEBUG: Notified event "kernel.terminate" to listener "Symfony\Bundle\SwiftmailerBundle\EventListener\EmailSenderListener::onTerminate". [] []
[2014-04-27 00:34:28] event.DEBUG: Notified event "kernel.request" to listener "Symfony\Bundle\FrameworkBundle\EventListener\SessionListener::onKernelRequest". [] []
[2014-04-27 00:34:28] event.DEBUG: Notified event "kernel.request" to listener "Symfony\Component\HttpKernel\EventListener\FragmentListener::onKernelRequest". [] []
[2014-04-27 00:34:28] event.DEBUG: Notified event "kernel.request" to listener "Symfony\Component\HttpKernel\EventListener\RouterListener::onKernelRequest". [] []
[2014-04-27 00:34:28] event.DEBUG: Notified event "kernel.exception" to listener "Symfony\Component\HttpKernel\EventListener\ExceptionListener::onKernelException". [] []
[2014-04-27 00:34:28] request.CRITICAL: Uncaught PHP Exception Symfony\Component\Config\Exception\FileLoaderLoadException: "Cannot import resource "@AcmeDemoBundle/Resources/config/routing.yml" from "C:/wamp/www/GIT/Symfony2.4/app/config/routing.yml". Make sure the "AcmeDemoBundle/Resources/config/routing.yml" bundle is correctly registered and loaded in the application kernel class." at C:\wamp\www\GIT\Symfony2.4\vendor\symfony\symfony\src\Symfony\Component\Config\Loader\FileLoader.php line 104 {"exception":"[object] (Symfony\\Component\\Config\\Exception\\FileLoaderLoadException: Cannot import resource \"@AcmeDemoBundle/Resources/config/routing.yml\" from \"C:/wamp/www/GIT/Symfony2.4/app/config/routing.yml\". Make sure the \"AcmeDemoBundle/Resources/config/routing.yml\" bundle is correctly registered and loaded in the application kernel class. at C:\\wamp\\www\\GIT\\Symfony2.4\\vendor\\symfony\\symfony\\src\\Symfony\\Component\\Config\\Loader\\FileLoader.php:104, InvalidArgumentException: Bundle \"AcmeDemoBundle\" does not exist or it is not enabled. Maybe you forgot to add it in the registerBundles() method of your AppKernel.php file? at C:\\wamp\\www\\GIT\\Symfony2.4\\app\\bootstrap.php.cache:2329)"} []
[2014-04-27 00:34:28] event.DEBUG: Notified event "kernel.request" to listener "closure". [] []
[2014-04-27 00:34:28] event.DEBUG: Notified event "kernel.request" to listener "Symfony\Bundle\FrameworkBundle\EventListener\SessionListener::onKernelRequest". [] []
[2014-04-27 00:34:28] event.DEBUG: Notified event "kernel.request" to listener "closure". [] []
[2014-04-27 00:34:28] event.DEBUG: Notified event "kernel.request" to listener "Symfony\Component\HttpKernel\EventListener\FragmentListener::onKernelRequest". [] []
[2014-04-27 00:34:28] event.DEBUG: Notified event "kernel.request" to listener "closure". [] []
[2014-04-27 00:34:28] event.DEBUG: Notified event "kernel.request" to listener "Symfony\Component\HttpKernel\EventListener\RouterListener::onKernelRequest". [] []
[2014-04-27 00:34:28] event.DEBUG: Notified event "kernel.request" to listener "closure". [] []
[2014-04-27 00:34:28] event.DEBUG: Notified event "kernel.request" to listener "Symfony\Component\HttpKernel\EventListener\LocaleListener::onKernelRequest". [] []
[2014-04-27 00:34:28] event.DEBUG: Notified event "kernel.request" to listener "closure". [] []
[2014-04-27 00:34:28] event.DEBUG: Notified event "kernel.request" to listener "Symfony\Component\Security\Http\Firewall::onKernelRequest". [] []
[2014-04-27 00:34:28] event.DEBUG: Notified event "kernel.request" to listener "closure". [] []
[2014-04-27 00:34:28] event.DEBUG: Notified event "kernel.request" to listener "Symfony\Component\HttpKernel\EventListener\ErrorsLoggerListener::injectLogger". [] []
[2014-04-27 00:34:28] event.DEBUG: Notified event "kernel.request" to listener "closure". [] []
[2014-04-27 00:34:28] event.DEBUG: Notified event "kernel.request" to listener "Symfony\Component\HttpKernel\EventListener\ErrorsLoggerListener::injectLogger". [] []
[2014-04-27 00:34:29] event.DEBUG: Notified event "kernel.controller" to listener "Sensio\Bundle\FrameworkExtraBundle\EventListener\ControllerListener::onKernelController". [] []
[2014-04-27 00:34:29] event.DEBUG: Notified event "kernel.controller" to listener "Sensio\Bundle\FrameworkExtraBundle\EventListener\ParamConverterListener::onKernelController". [] []
[2014-04-27 00:34:29] event.DEBUG: Notified event "kernel.controller" to listener "Sensio\Bundle\FrameworkExtraBundle\EventListener\HttpCacheListener::onKernelController". [] []
[2014-04-27 00:34:29] event.DEBUG: Notified event "kernel.controller" to listener "Sensio\Bundle\FrameworkExtraBundle\EventListener\SecurityListener::onKernelController". [] []
[2014-04-27 00:34:29] event.DEBUG: Notified event "kernel.controller" to listener "Sensio\Bundle\FrameworkExtraBundle\EventListener\TemplateListener::onKernelController". [] []
[2014-04-27 00:34:30] event.DEBUG: Notified event "kernel.response" to listener "Symfony\Component\HttpKernel\EventListener\ResponseListener::onKernelResponse". [] []
[2014-04-27 00:34:30] event.DEBUG: Notified event "kernel.response" to listener "Symfony\Component\Security\Http\RememberMe\ResponseListener::onKernelResponse". [] []
[2014-04-27 00:34:30] event.DEBUG: Notified event "kernel.response" to listener "Sensio\Bundle\FrameworkExtraBundle\EventListener\HttpCacheListener::onKernelResponse". [] []
[2014-04-27 00:34:30] event.DEBUG: Notified event "kernel.response" to listener "Symfony\Component\HttpKernel\EventListener\StreamedResponseListener::onKernelResponse". [] []
[2014-04-27 00:34:30] event.DEBUG: Notified event "kernel.finish_request" to listener "Symfony\Component\HttpKernel\EventListener\LocaleListener::onKernelFinishRequest". [] []
[2014-04-27 00:34:30] event.DEBUG: Notified event "kernel.finish_request" to listener "Symfony\Component\HttpKernel\EventListener\RouterListener::onKernelFinishRequest". [] []
[2014-04-27 00:34:30] event.DEBUG: Notified event "kernel.finish_request" to listener "Symfony\Component\Security\Http\Firewall::onKernelFinishRequest". [] []
[2014-04-27 00:34:30] event.DEBUG: Listener "Symfony\Component\HttpKernel\EventListener\ExceptionListener::onKernelException" stopped propagation of the event "kernel.exception". [] []
[2014-04-27 00:34:30] event.DEBUG: Notified event "kernel.response" to listener "Symfony\Component\HttpKernel\EventListener\ResponseListener::onKernelResponse". [] []
[2014-04-27 00:34:30] event.DEBUG: Notified event "kernel.response" to listener "Symfony\Component\Security\Http\RememberMe\ResponseListener::onKernelResponse". [] []
[2014-04-27 00:34:30] event.DEBUG: Notified event "kernel.response" to listener "Sensio\Bundle\FrameworkExtraBundle\EventListener\HttpCacheListener::onKernelResponse". [] []
[2014-04-27 00:34:30] event.DEBUG: Notified event "kernel.response" to listener "Symfony\Component\HttpKernel\EventListener\StreamedResponseListener::onKernelResponse". [] []
[2014-04-27 00:34:30] event.DEBUG: Notified event "kernel.finish_request" to listener "Symfony\Component\HttpKernel\EventListener\LocaleListener::onKernelFinishRequest". [] []
[2014-04-27 00:34:30] event.DEBUG: Notified event "kernel.finish_request" to listener "Symfony\Component\HttpKernel\EventListener\RouterListener::onKernelFinishRequest". [] []
[2014-04-27 00:34:30] event.DEBUG: Notified event "kernel.finish_request" to listener "Symfony\Component\Security\Http\Firewall::onKernelFinishRequest". [] []
[2014-04-27 00:34:30] event.DEBUG: Notified event "kernel.terminate" to listener "Symfony\Bundle\SwiftmailerBundle\EventListener\EmailSenderListener::onTerminate". [] []
[2014-04-27 00:36:04] request.ERROR: Uncaught PHP Exception Symfony\Component\HttpKernel\Exception\NotFoundHttpException: "No route found for "GET /"" at C:\wamp\www\GIT\Symfony2.4\app\cache\prod\classes.php line 1964 {"exception":"[object] (Symfony\\Component\\HttpKernel\\Exception\\NotFoundHttpException: No route found for \"GET /\" at C:\\wamp\\www\\GIT\\Symfony2.4\\app\\cache\\prod\\classes.php:1964, Symfony\\Component\\Routing\\Exception\\ResourceNotFoundException:  at C:\\wamp\\www\\GIT\\Symfony2.4\\app\\cache\\prod\\appProdUrlMatcher.php:32)"} []
[2014-04-27 00:36:10] event.DEBUG: Notified event "kernel.request" to listener "Symfony\Bundle\FrameworkBundle\EventListener\SessionListener::onKernelRequest". [] []
[2014-04-27 00:36:10] event.DEBUG: Notified event "kernel.request" to listener "Symfony\Component\HttpKernel\EventListener\FragmentListener::onKernelRequest". [] []
[2014-04-27 00:36:10] event.DEBUG: Notified event "kernel.request" to listener "Symfony\Component\HttpKernel\EventListener\RouterListener::onKernelRequest". [] []
[2014-04-27 00:36:10] event.DEBUG: Notified event "kernel.exception" to listener "Symfony\Component\HttpKernel\EventListener\ExceptionListener::onKernelException". [] []
[2014-04-27 00:36:10] request.CRITICAL: Uncaught PHP Exception Symfony\Component\Config\Exception\FileLoaderLoadException: "Cannot import resource "@AcmeDemoBundle/Resources/config/routing.yml" from "C:/wamp/www/GIT/Symfony2.4/app/config/routing.yml". Make sure the "AcmeDemoBundle/Resources/config/routing.yml" bundle is correctly registered and loaded in the application kernel class." at C:\wamp\www\GIT\Symfony2.4\vendor\symfony\symfony\src\Symfony\Component\Config\Loader\FileLoader.php line 104 {"exception":"[object] (Symfony\\Component\\Config\\Exception\\FileLoaderLoadException: Cannot import resource \"@AcmeDemoBundle/Resources/config/routing.yml\" from \"C:/wamp/www/GIT/Symfony2.4/app/config/routing.yml\". Make sure the \"AcmeDemoBundle/Resources/config/routing.yml\" bundle is correctly registered and loaded in the application kernel class. at C:\\wamp\\www\\GIT\\Symfony2.4\\vendor\\symfony\\symfony\\src\\Symfony\\Component\\Config\\Loader\\FileLoader.php:104, InvalidArgumentException: Bundle \"AcmeDemoBundle\" does not exist or it is not enabled. Maybe you forgot to add it in the registerBundles() method of your AppKernel.php file? at C:\\wamp\\www\\GIT\\Symfony2.4\\app\\bootstrap.php.cache:2329)"} []
[2014-04-27 00:36:10] event.DEBUG: Notified event "kernel.request" to listener "closure". [] []
[2014-04-27 00:36:10] event.DEBUG: Notified event "kernel.request" to listener "Symfony\Bundle\FrameworkBundle\EventListener\SessionListener::onKernelRequest". [] []
[2014-04-27 00:36:10] event.DEBUG: Notified event "kernel.request" to listener "closure". [] []
[2014-04-27 00:36:10] event.DEBUG: Notified event "kernel.request" to listener "Symfony\Component\HttpKernel\EventListener\FragmentListener::onKernelRequest". [] []
[2014-04-27 00:36:10] event.DEBUG: Notified event "kernel.request" to listener "closure". [] []
[2014-04-27 00:36:10] event.DEBUG: Notified event "kernel.request" to listener "Symfony\Component\HttpKernel\EventListener\RouterListener::onKernelRequest". [] []
[2014-04-27 00:36:10] event.DEBUG: Notified event "kernel.request" to listener "closure". [] []
[2014-04-27 00:36:10] event.DEBUG: Notified event "kernel.request" to listener "Symfony\Component\HttpKernel\EventListener\LocaleListener::onKernelRequest". [] []
[2014-04-27 00:36:10] event.DEBUG: Notified event "kernel.request" to listener "closure". [] []
[2014-04-27 00:36:10] event.DEBUG: Notified event "kernel.request" to listener "Symfony\Component\Security\Http\Firewall::onKernelRequest". [] []
[2014-04-27 00:36:10] event.DEBUG: Notified event "kernel.request" to listener "closure". [] []
[2014-04-27 00:36:10] event.DEBUG: Notified event "kernel.request" to listener "Symfony\Component\HttpKernel\EventListener\ErrorsLoggerListener::injectLogger". [] []
[2014-04-27 00:36:10] event.DEBUG: Notified event "kernel.request" to listener "closure". [] []
[2014-04-27 00:36:10] event.DEBUG: Notified event "kernel.request" to listener "Symfony\Component\HttpKernel\EventListener\ErrorsLoggerListener::injectLogger". [] []
[2014-04-27 00:36:10] event.DEBUG: Notified event "kernel.controller" to listener "Sensio\Bundle\FrameworkExtraBundle\EventListener\ControllerListener::onKernelController". [] []
[2014-04-27 00:36:10] event.DEBUG: Notified event "kernel.controller" to listener "Sensio\Bundle\FrameworkExtraBundle\EventListener\ParamConverterListener::onKernelController". [] []
[2014-04-27 00:36:10] event.DEBUG: Notified event "kernel.controller" to listener "Sensio\Bundle\FrameworkExtraBundle\EventListener\HttpCacheListener::onKernelController". [] []
[2014-04-27 00:36:10] event.DEBUG: Notified event "kernel.controller" to listener "Sensio\Bundle\FrameworkExtraBundle\EventListener\SecurityListener::onKernelController". [] []
[2014-04-27 00:36:10] event.DEBUG: Notified event "kernel.controller" to listener "Sensio\Bundle\FrameworkExtraBundle\EventListener\TemplateListener::onKernelController". [] []
[2014-04-27 00:36:11] event.DEBUG: Notified event "kernel.response" to listener "Symfony\Component\HttpKernel\EventListener\ResponseListener::onKernelResponse". [] []
[2014-04-27 00:36:11] event.DEBUG: Notified event "kernel.response" to listener "Symfony\Component\Security\Http\RememberMe\ResponseListener::onKernelResponse". [] []
[2014-04-27 00:36:11] event.DEBUG: Notified event "kernel.response" to listener "Sensio\Bundle\FrameworkExtraBundle\EventListener\HttpCacheListener::onKernelResponse". [] []
[2014-04-27 00:36:11] event.DEBUG: Notified event "kernel.response" to listener "Symfony\Component\HttpKernel\EventListener\StreamedResponseListener::onKernelResponse". [] []
[2014-04-27 00:36:11] event.DEBUG: Notified event "kernel.finish_request" to listener "Symfony\Component\HttpKernel\EventListener\LocaleListener::onKernelFinishRequest". [] []
[2014-04-27 00:36:11] event.DEBUG: Notified event "kernel.finish_request" to listener "Symfony\Component\HttpKernel\EventListener\RouterListener::onKernelFinishRequest". [] []
[2014-04-27 00:36:11] event.DEBUG: Notified event "kernel.finish_request" to listener "Symfony\Component\Security\Http\Firewall::onKernelFinishRequest". [] []
[2014-04-27 00:36:11] event.DEBUG: Listener "Symfony\Component\HttpKernel\EventListener\ExceptionListener::onKernelException" stopped propagation of the event "kernel.exception". [] []
[2014-04-27 00:36:11] event.DEBUG: Notified event "kernel.response" to listener "Symfony\Component\HttpKernel\EventListener\ResponseListener::onKernelResponse". [] []
[2014-04-27 00:36:11] event.DEBUG: Notified event "kernel.response" to listener "Symfony\Component\Security\Http\RememberMe\ResponseListener::onKernelResponse". [] []
[2014-04-27 00:36:11] event.DEBUG: Notified event "kernel.response" to listener "Sensio\Bundle\FrameworkExtraBundle\EventListener\HttpCacheListener::onKernelResponse". [] []
[2014-04-27 00:36:11] event.DEBUG: Notified event "kernel.response" to listener "Symfony\Component\HttpKernel\EventListener\StreamedResponseListener::onKernelResponse". [] []
[2014-04-27 00:36:11] event.DEBUG: Notified event "kernel.finish_request" to listener "Symfony\Component\HttpKernel\EventListener\LocaleListener::onKernelFinishRequest". [] []
[2014-04-27 00:36:11] event.DEBUG: Notified event "kernel.finish_request" to listener "Symfony\Component\HttpKernel\EventListener\RouterListener::onKernelFinishRequest". [] []
[2014-04-27 00:36:11] event.DEBUG: Notified event "kernel.finish_request" to listener "Symfony\Component\Security\Http\Firewall::onKernelFinishRequest". [] []
[2014-04-27 00:36:11] event.DEBUG: Notified event "kernel.terminate" to listener "Symfony\Bundle\SwiftmailerBundle\EventListener\EmailSenderListener::onTerminate". [] []
[2014-04-27 00:51:07] request.INFO: Matched route "_demo" (parameters: "_controller": "Acme\DemoBundle\Controller\DemoController::indexAction", "_route": "_demo") [] []
[2014-04-27 00:51:08] request.CRITICAL: Uncaught PHP Exception InvalidArgumentException: "Unable to find template "FrameworkBundle:Demo:index.html.twig"." at C:\wamp\www\GIT\Symfony2.4\vendor\symfony\symfony\src\Symfony\Bridge\Twig\TwigEngine.php line 128 {"exception":"[object] (InvalidArgumentException: Unable to find template \"FrameworkBundle:Demo:index.html.twig\". at C:\\wamp\\www\\GIT\\Symfony2.4\\vendor\\symfony\\symfony\\src\\Symfony\\Bridge\\Twig\\TwigEngine.php:128, Twig_Error_Loader: Unable to find template \"FrameworkBundle:Demo:index.html.twig\". at C:\\wamp\\www\\GIT\\Symfony2.4\\vendor\\symfony\\symfony\\src\\Symfony\\Bundle\\TwigBundle\\Loader\\FilesystemLoader.php:106, InvalidArgumentException: Unable to find template \"FrameworkBundle:Demo:index.html.twig\" : \"Unable to find file \"@FrameworkBundle/Resources/views/Demo/index.html.twig\".\". at C:\\wamp\\www\\GIT\\Symfony2.4\\app\\cache\\prod\\classes.php:794, InvalidArgumentException: Unable to find file \"@FrameworkBundle/Resources/views/Demo/index.html.twig\". at C:\\wamp\\www\\GIT\\Symfony2.4\\app\\bootstrap.php.cache:2379)"} []
[2014-04-27 00:51:11] request.INFO: Matched route "_welcome" (parameters: "_controller": "Acme\DemoBundle\Controller\WelcomeController::indexAction", "_route": "_welcome") [] []
[2014-04-27 00:51:11] request.CRITICAL: Uncaught PHP Exception InvalidArgumentException: "Unable to find template "AcmeDemoBundle:Welcome:index.html.twig"." at C:\wamp\www\GIT\Symfony2.4\vendor\symfony\symfony\src\Symfony\Bridge\Twig\TwigEngine.php line 128 {"exception":"[object] (InvalidArgumentException: Unable to find template \"AcmeDemoBundle:Welcome:index.html.twig\". at C:\\wamp\\www\\GIT\\Symfony2.4\\vendor\\symfony\\symfony\\src\\Symfony\\Bridge\\Twig\\TwigEngine.php:128, Twig_Error_Loader: Unable to find template \"AcmeDemoBundle:Welcome:index.html.twig\". at C:\\wamp\\www\\GIT\\Symfony2.4\\vendor\\symfony\\symfony\\src\\Symfony\\Bundle\\TwigBundle\\Loader\\FilesystemLoader.php:106, InvalidArgumentException: Template name \"AcmeDemoBundle:Welcome:index.html.twig\" is not valid. at C:\\wamp\\www\\GIT\\Symfony2.4\\app\\cache\\prod\\classes.php:749, InvalidArgumentException: Bundle \"AcmeDemoBundle\" does not exist or it is not enabled. Maybe you forgot to add it in the registerBundles() method of your AppKernel.php file? at C:\\wamp\\www\\GIT\\Symfony2.4\\app\\bootstrap.php.cache:2329)"} []
[2014-04-27 00:52:39] request.INFO: Matched route "_welcome" (parameters: "_controller": "Acme\DemoBundle\Controller\WelcomeController::indexAction", "_route": "_welcome") [] []
[2014-04-27 00:52:39] request.CRITICAL: Uncaught PHP Exception InvalidArgumentException: "Unable to find template "AcmeDemoBundle:Welcome:index.html.twig"." at C:\wamp\www\GIT\Symfony2.4\vendor\symfony\symfony\src\Symfony\Bridge\Twig\TwigEngine.php line 128 {"exception":"[object] (InvalidArgumentException: Unable to find template \"AcmeDemoBundle:Welcome:index.html.twig\". at C:\\wamp\\www\\GIT\\Symfony2.4\\vendor\\symfony\\symfony\\src\\Symfony\\Bridge\\Twig\\TwigEngine.php:128, Twig_Error_Loader: Unable to find template \"AcmeDemoBundle:Welcome:index.html.twig\". at C:\\wamp\\www\\GIT\\Symfony2.4\\vendor\\symfony\\symfony\\src\\Symfony\\Bundle\\TwigBundle\\Loader\\FilesystemLoader.php:106, InvalidArgumentException: Template name \"AcmeDemoBundle:Welcome:index.html.twig\" is not valid. at C:\\wamp\\www\\GIT\\Symfony2.4\\app\\cache\\prod\\classes.php:749, InvalidArgumentException: Bundle \"AcmeDemoBundle\" does not exist or it is not enabled. Maybe you forgot to add it in the registerBundles() method of your AppKernel.php file? at C:\\wamp\\www\\GIT\\Symfony2.4\\app\\bootstrap.php.cache:2329)"} []
[2014-04-27 00:53:53] request.INFO: Matched route "_welcome" (parameters: "_controller": "Acme\DemoBundle\Controller\WelcomeController::indexAction", "_route": "_welcome") [] []
[2014-04-27 00:53:53] request.CRITICAL: Uncaught PHP Exception InvalidArgumentException: "Unable to find template "AcmeDemoBundle:Welcome:index.html.twig"." at C:\wamp\www\GIT\Symfony2.4\vendor\symfony\symfony\src\Symfony\Bridge\Twig\TwigEngine.php line 128 {"exception":"[object] (InvalidArgumentException: Unable to find template \"AcmeDemoBundle:Welcome:index.html.twig\". at C:\\wamp\\www\\GIT\\Symfony2.4\\vendor\\symfony\\symfony\\src\\Symfony\\Bridge\\Twig\\TwigEngine.php:128, Twig_Error_Loader: Unable to find template \"AcmeDemoBundle:Welcome:index.html.twig\". at C:\\wamp\\www\\GIT\\Symfony2.4\\vendor\\symfony\\symfony\\src\\Symfony\\Bundle\\TwigBundle\\Loader\\FilesystemLoader.php:106, InvalidArgumentException: Template name \"AcmeDemoBundle:Welcome:index.html.twig\" is not valid. at C:\\wamp\\www\\GIT\\Symfony2.4\\app\\cache\\prod\\classes.php:749, InvalidArgumentException: Bundle \"AcmeDemoBundle\" does not exist or it is not enabled. Maybe you forgot to add it in the registerBundles() method of your AppKernel.php file? at C:\\wamp\\www\\GIT\\Symfony2.4\\app\\bootstrap.php.cache:2329)"} []
[2014-04-27 01:00:53] request.INFO: Matched route "_welcome" (parameters: "_controller": "Acme\DemoBundle\Controller\WelcomeController::indexAction", "_route": "_welcome") [] []
[2014-04-27 01:00:53] request.CRITICAL: Uncaught PHP Exception InvalidArgumentException: "Unable to find template "AcmeDemoBundle:Welcome:index.html.twig"." at C:\wamp\www\GIT\Symfony2.4\vendor\symfony\symfony\src\Symfony\Bridge\Twig\TwigEngine.php line 128 {"exception":"[object] (InvalidArgumentException: Unable to find template \"AcmeDemoBundle:Welcome:index.html.twig\". at C:\\wamp\\www\\GIT\\Symfony2.4\\vendor\\symfony\\symfony\\src\\Symfony\\Bridge\\Twig\\TwigEngine.php:128, Twig_Error_Loader: Unable to find template \"AcmeDemoBundle:Welcome:index.html.twig\". at C:\\wamp\\www\\GIT\\Symfony2.4\\vendor\\symfony\\symfony\\src\\Symfony\\Bundle\\TwigBundle\\Loader\\FilesystemLoader.php:106, InvalidArgumentException: Template name \"AcmeDemoBundle:Welcome:index.html.twig\" is not valid. at C:\\wamp\\www\\GIT\\Symfony2.4\\app\\cache\\prod\\classes.php:749, InvalidArgumentException: Bundle \"AcmeDemoBundle\" does not exist or it is not enabled. Maybe you forgot to add it in the registerBundles() method of your AppKernel.php file? at C:\\wamp\\www\\GIT\\Symfony2.4\\app\\bootstrap.php.cache:2329)"} []
[2014-04-27 01:07:46] request.INFO: Matched route "_demo_hello" (parameters: "_controller": "Acme\DemoBundle\Controller\DemoController::helloAction", "name": "Fabien", "_route": "_demo_hello") [] []
[2014-04-27 01:07:46] request.CRITICAL: Uncaught PHP Exception InvalidArgumentException: "Unable to find template "FrameworkBundle:Demo:hello.html.twig"." at C:\wamp\www\GIT\Symfony2.4\vendor\symfony\symfony\src\Symfony\Bridge\Twig\TwigEngine.php line 128 {"exception":"[object] (InvalidArgumentException: Unable to find template \"FrameworkBundle:Demo:hello.html.twig\". at C:\\wamp\\www\\GIT\\Symfony2.4\\vendor\\symfony\\symfony\\src\\Symfony\\Bridge\\Twig\\TwigEngine.php:128, Twig_Error_Loader: Unable to find template \"FrameworkBundle:Demo:hello.html.twig\". at C:\\wamp\\www\\GIT\\Symfony2.4\\vendor\\symfony\\symfony\\src\\Symfony\\Bundle\\TwigBundle\\Loader\\FilesystemLoader.php:106, InvalidArgumentException: Unable to find template \"FrameworkBundle:Demo:hello.html.twig\" : \"Unable to find file \"@FrameworkBundle/Resources/views/Demo/hello.html.twig\".\". at C:\\wamp\\www\\GIT\\Symfony2.4\\app\\cache\\prod\\classes.php:794, InvalidArgumentException: Unable to find file \"@FrameworkBundle/Resources/views/Demo/hello.html.twig\". at C:\\wamp\\www\\GIT\\Symfony2.4\\app\\bootstrap.php.cache:2379)"} []
[2014-04-27 01:48:26] request.ERROR: Uncaught PHP Exception Symfony\Component\HttpKernel\Exception\NotFoundHttpException: "No route found for "GET /bundles/framework/images/input_bg.gif" (from "http://local.symfony.com/bundles/sensiodistribution/webconfigurator/css/configurator.css")" at C:\wamp\www\GIT\Symfony2.4\app\cache\prod\classes.php line 1964 {"exception":"[object] (Symfony\\Component\\HttpKernel\\Exception\\NotFoundHttpException: No route found for \"GET /bundles/framework/images/input_bg.gif\" (from \"http://local.symfony.com/bundles/sensiodistribution/webconfigurator/css/configurator.css\") at C:\\wamp\\www\\GIT\\Symfony2.4\\app\\cache\\prod\\classes.php:1964, Symfony\\Component\\Routing\\Exception\\ResourceNotFoundException:  at C:\\wamp\\www\\GIT\\Symfony2.4\\app\\cache\\prod\\appProdUrlMatcher.php:103)"} []
[2014-04-27 10:42:59] request.ERROR: Uncaught PHP Exception Symfony\Component\HttpKernel\Exception\NotFoundHttpException: "No route found for "GET /"" at C:\wamp\www\GIT\Symfony2.4\app\cache\prod\classes.php line 1964 {"exception":"[object] (Symfony\\Component\\HttpKernel\\Exception\\NotFoundHttpException: No route found for \"GET /\" at C:\\wamp\\www\\GIT\\Symfony2.4\\app\\cache\\prod\\classes.php:1964, Symfony\\Component\\Routing\\Exception\\ResourceNotFoundException:  at C:\\wamp\\www\\GIT\\Symfony2.4\\app\\cache\\prod\\appProdUrlMatcher.php:35)"} []
[2014-04-27 10:43:03] request.ERROR: Uncaught PHP Exception Symfony\Component\HttpKernel\Exception\NotFoundHttpException: "No route found for "GET /hello/"" at C:\wamp\www\GIT\Symfony2.4\app\cache\prod\classes.php line 1964 {"exception":"[object] (Symfony\\Component\\HttpKernel\\Exception\\NotFoundHttpException: No route found for \"GET /hello/\" at C:\\wamp\\www\\GIT\\Symfony2.4\\app\\cache\\prod\\classes.php:1964, Symfony\\Component\\Routing\\Exception\\ResourceNotFoundException:  at C:\\wamp\\www\\GIT\\Symfony2.4\\app\\cache\\prod\\appProdUrlMatcher.php:35)"} []
[2014-04-27 15:50:12] request.ERROR: Uncaught PHP Exception Symfony\Component\HttpKernel\Exception\NotFoundHttpException: "No route found for "GET /bundles/ibwjobeet/css/jobs.css" (from "http://local.symfony.com/app_dev.php/job/")" at C:\wamp\www\GIT\Symfony2.4\app\cache\prod\classes.php line 1964 {"exception":"[object] (Symfony\\Component\\HttpKernel\\Exception\\NotFoundHttpException: No route found for \"GET /bundles/ibwjobeet/css/jobs.css\" (from \"http://local.symfony.com/app_dev.php/job/\") at C:\\wamp\\www\\GIT\\Symfony2.4\\app\\cache\\prod\\classes.php:1964, Symfony\\Component\\Routing\\Exception\\ResourceNotFoundException:  at C:\\wamp\\www\\GIT\\Symfony2.4\\app\\cache\\prod\\appProdUrlMatcher.php:90)"} []
[2014-04-27 15:50:13] request.ERROR: Uncaught PHP Exception Symfony\Component\HttpKernel\Exception\NotFoundHttpException: "No route found for "GET /bundles/ibwjobeet/images/favicon.ico"" at C:\wamp\www\GIT\Symfony2.4\app\cache\prod\classes.php line 1964 {"exception":"[object] (Symfony\\Component\\HttpKernel\\Exception\\NotFoundHttpException: No route found for \"GET /bundles/ibwjobeet/images/favicon.ico\" at C:\\wamp\\www\\GIT\\Symfony2.4\\app\\cache\\prod\\classes.php:1964, Symfony\\Component\\Routing\\Exception\\ResourceNotFoundException:  at C:\\wamp\\www\\GIT\\Symfony2.4\\app\\cache\\prod\\appProdUrlMatcher.php:90)"} []
[2014-04-27 15:50:13] request.ERROR: Uncaught PHP Exception Symfony\Component\HttpKernel\Exception\NotFoundHttpException: "No route found for "GET /bundles/ibwjobeet/css/main.css" (from "http://local.symfony.com/app_dev.php/job/")" at C:\wamp\www\GIT\Symfony2.4\app\cache\prod\classes.php line 1964 {"exception":"[object] (Symfony\\Component\\HttpKernel\\Exception\\NotFoundHttpException: No route found for \"GET /bundles/ibwjobeet/css/main.css\" (from \"http://local.symfony.com/app_dev.php/job/\") at C:\\wamp\\www\\GIT\\Symfony2.4\\app\\cache\\prod\\classes.php:1964, Symfony\\Component\\Routing\\Exception\\ResourceNotFoundException:  at C:\\wamp\\www\\GIT\\Symfony2.4\\app\\cache\\prod\\appProdUrlMatcher.php:90)"} []
[2014-04-27 15:50:13] request.ERROR: Uncaught PHP Exception Symfony\Component\HttpKernel\Exception\NotFoundHttpException: "No route found for "GET /bundles/ibwjobeet/images/favicon.ico"" at C:\wamp\www\GIT\Symfony2.4\app\cache\prod\classes.php line 1964 {"exception":"[object] (Symfony\\Component\\HttpKernel\\Exception\\NotFoundHttpException: No route found for \"GET /bundles/ibwjobeet/images/favicon.ico\" at C:\\wamp\\www\\GIT\\Symfony2.4\\app\\cache\\prod\\classes.php:1964, Symfony\\Component\\Routing\\Exception\\ResourceNotFoundException:  at C:\\wamp\\www\\GIT\\Symfony2.4\\app\\cache\\prod\\appProdUrlMatcher.php:90)"} []
[2014-04-27 15:50:13] request.ERROR: Uncaught PHP Exception Symfony\Component\HttpKernel\Exception\NotFoundHttpException: "No route found for "GET /bundles/ibwjobeet/images/symfony.gif" (from "http://local.symfony.com/app_dev.php/job/")" at C:\wamp\www\GIT\Symfony2.4\app\cache\prod\classes.php line 1964 {"exception":"[object] (Symfony\\Component\\HttpKernel\\Exception\\NotFoundHttpException: No route found for \"GET /bundles/ibwjobeet/images/symfony.gif\" (from \"http://local.symfony.com/app_dev.php/job/\") at C:\\wamp\\www\\GIT\\Symfony2.4\\app\\cache\\prod\\classes.php:1964, Symfony\\Component\\Routing\\Exception\\ResourceNotFoundException:  at C:\\wamp\\www\\GIT\\Symfony2.4\\app\\cache\\prod\\appProdUrlMatcher.php:90)"} []
[2014-04-27 15:50:13] request.ERROR: Uncaught PHP Exception Symfony\Component\HttpKernel\Exception\NotFoundHttpException: "No route found for "GET /bundles/ibwjobeet/images/logo.jpg" (from "http://local.symfony.com/app_dev.php/job/")" at C:\wamp\www\GIT\Symfony2.4\app\cache\prod\classes.php line 1964 {"exception":"[object] (Symfony\\Component\\HttpKernel\\Exception\\NotFoundHttpException: No route found for \"GET /bundles/ibwjobeet/images/logo.jpg\" (from \"http://local.symfony.com/app_dev.php/job/\") at C:\\wamp\\www\\GIT\\Symfony2.4\\app\\cache\\prod\\classes.php:1964, Symfony\\Component\\Routing\\Exception\\ResourceNotFoundException:  at C:\\wamp\\www\\GIT\\Symfony2.4\\app\\cache\\prod\\appProdUrlMatcher.php:90)"} []
[2014-04-27 15:50:13] request.ERROR: Uncaught PHP Exception Symfony\Component\HttpKernel\Exception\NotFoundHttpException: "No route found for "GET /bundles/ibwjobeet/images/jobeet-mini.png" (from "http://local.symfony.com/app_dev.php/job/")" at C:\wamp\www\GIT\Symfony2.4\app\cache\prod\classes.php line 1964 {"exception":"[object] (Symfony\\Component\\HttpKernel\\Exception\\NotFoundHttpException: No route found for \"GET /bundles/ibwjobeet/images/jobeet-mini.png\" (from \"http://local.symfony.com/app_dev.php/job/\") at C:\\wamp\\www\\GIT\\Symfony2.4\\app\\cache\\prod\\classes.php:1964, Symfony\\Component\\Routing\\Exception\\ResourceNotFoundException:  at C:\\wamp\\www\\GIT\\Symfony2.4\\app\\cache\\prod\\appProdUrlMatcher.php:90)"} []
[2014-04-27 15:50:13] request.ERROR: Uncaught PHP Exception Symfony\Component\HttpKernel\Exception\NotFoundHttpException: "No route found for "GET /bundles/ibwjobeet/images/favicon.ico"" at C:\wamp\www\GIT\Symfony2.4\app\cache\prod\classes.php line 1964 {"exception":"[object] (Symfony\\Component\\HttpKernel\\Exception\\NotFoundHttpException: No route found for \"GET /bundles/ibwjobeet/images/favicon.ico\" at C:\\wamp\\www\\GIT\\Symfony2.4\\app\\cache\\prod\\classes.php:1964, Symfony\\Component\\Routing\\Exception\\ResourceNotFoundException:  at C:\\wamp\\www\\GIT\\Symfony2.4\\app\\cache\\prod\\appProdUrlMatcher.php:90)"} []
[2014-04-27 15:51:15] request.ERROR: Uncaught PHP Exception Symfony\Component\HttpKernel\Exception\NotFoundHttpException: "No route found for "GET /bundles/ibwjobeet/images/logo.jpg"" at C:\wamp\www\GIT\Symfony2.4\app\cache\prod\classes.php line 1964 {"exception":"[object] (Symfony\\Component\\HttpKernel\\Exception\\NotFoundHttpException: No route found for \"GET /bundles/ibwjobeet/images/logo.jpg\" at C:\\wamp\\www\\GIT\\Symfony2.4\\app\\cache\\prod\\classes.php:1964, Symfony\\Component\\Routing\\Exception\\ResourceNotFoundException:  at C:\\wamp\\www\\GIT\\Symfony2.4\\app\\cache\\prod\\appProdUrlMatcher.php:90)"} []
[2014-04-27 15:51:15] request.ERROR: Uncaught PHP Exception Symfony\Component\HttpKernel\Exception\NotFoundHttpException: "No route found for "GET /bundles/ibwjobeet/images/jobeet-mini.png"" at C:\wamp\www\GIT\Symfony2.4\app\cache\prod\classes.php line 1964 {"exception":"[object] (Symfony\\Component\\HttpKernel\\Exception\\NotFoundHttpException: No route found for \"GET /bundles/ibwjobeet/images/jobeet-mini.png\" at C:\\wamp\\www\\GIT\\Symfony2.4\\app\\cache\\prod\\classes.php:1964, Symfony\\Component\\Routing\\Exception\\ResourceNotFoundException:  at C:\\wamp\\www\\GIT\\Symfony2.4\\app\\cache\\prod\\appProdUrlMatcher.php:90)"} []
[2014-04-27 15:51:17] request.ERROR: Uncaught PHP Exception Symfony\Component\HttpKernel\Exception\NotFoundHttpException: "No route found for "GET /bundles/ibwjobeet/images/symfony.gif"" at C:\wamp\www\GIT\Symfony2.4\app\cache\prod\classes.php line 1964 {"exception":"[object] (Symfony\\Component\\HttpKernel\\Exception\\NotFoundHttpException: No route found for \"GET /bundles/ibwjobeet/images/symfony.gif\" at C:\\wamp\\www\\GIT\\Symfony2.4\\app\\cache\\prod\\classes.php:1964, Symfony\\Component\\Routing\\Exception\\ResourceNotFoundException:  at C:\\wamp\\www\\GIT\\Symfony2.4\\app\\cache\\prod\\appProdUrlMatcher.php:90)"} []
[2014-04-27 15:51:18] request.ERROR: Uncaught PHP Exception Symfony\Component\HttpKernel\Exception\NotFoundHttpException: "No route found for "GET /bundles/ibwjobeet/images/jobeet-mini.png"" at C:\wamp\www\GIT\Symfony2.4\app\cache\prod\classes.php line 1964 {"exception":"[object] (Symfony\\Component\\HttpKernel\\Exception\\NotFoundHttpException: No route found for \"GET /bundles/ibwjobeet/images/jobeet-mini.png\" at C:\\wamp\\www\\GIT\\Symfony2.4\\app\\cache\\prod\\classes.php:1964, Symfony\\Component\\Routing\\Exception\\ResourceNotFoundException:  at C:\\wamp\\www\\GIT\\Symfony2.4\\app\\cache\\prod\\appProdUrlMatcher.php:90)"} []
[2014-04-27 15:51:18] request.ERROR: Uncaught PHP Exception Symfony\Component\HttpKernel\Exception\NotFoundHttpException: "No route found for "GET /bundles/ibwjobeet/images/logo.jpg"" at C:\wamp\www\GIT\Symfony2.4\app\cache\prod\classes.php line 1964 {"exception":"[object] (Symfony\\Component\\HttpKernel\\Exception\\NotFoundHttpException: No route found for \"GET /bundles/ibwjobeet/images/logo.jpg\" at C:\\wamp\\www\\GIT\\Symfony2.4\\app\\cache\\prod\\classes.php:1964, Symfony\\Component\\Routing\\Exception\\ResourceNotFoundException:  at C:\\wamp\\www\\GIT\\Symfony2.4\\app\\cache\\prod\\appProdUrlMatcher.php:90)"} []
[2014-04-27 15:51:18] request.ERROR: Uncaught PHP Exception Symfony\Component\HttpKernel\Exception\NotFoundHttpException: "No route found for "GET /bundles/ibwjobeet/images/logo.jpg"" at C:\wamp\www\GIT\Symfony2.4\app\cache\prod\classes.php line 1964 {"exception":"[object] (Symfony\\Component\\HttpKernel\\Exception\\NotFoundHttpException: No route found for \"GET /bundles/ibwjobeet/images/logo.jpg\" at C:\\wamp\\www\\GIT\\Symfony2.4\\app\\cache\\prod\\classes.php:1964, Symfony\\Component\\Routing\\Exception\\ResourceNotFoundException:  at C:\\wamp\\www\\GIT\\Symfony2.4\\app\\cache\\prod\\appProdUrlMatcher.php:90)"} []
[2014-04-27 15:51:18] request.ERROR: Uncaught PHP Exception Symfony\Component\HttpKernel\Exception\NotFoundHttpException: "No route found for "GET /bundles/ibwjobeet/images/jobeet-mini.png"" at C:\wamp\www\GIT\Symfony2.4\app\cache\prod\classes.php line 1964 {"exception":"[object] (Symfony\\Component\\HttpKernel\\Exception\\NotFoundHttpException: No route found for \"GET /bundles/ibwjobeet/images/jobeet-mini.png\" at C:\\wamp\\www\\GIT\\Symfony2.4\\app\\cache\\prod\\classes.php:1964, Symfony\\Component\\Routing\\Exception\\ResourceNotFoundException:  at C:\\wamp\\www\\GIT\\Symfony2.4\\app\\cache\\prod\\appProdUrlMatcher.php:90)"} []
[2014-04-27 15:51:18] request.ERROR: Uncaught PHP Exception Symfony\Component\HttpKernel\Exception\NotFoundHttpException: "No route found for "GET /bundles/ibwjobeet/images/symfony.gif"" at C:\wamp\www\GIT\Symfony2.4\app\cache\prod\classes.php line 1964 {"exception":"[object] (Symfony\\Component\\HttpKernel\\Exception\\NotFoundHttpException: No route found for \"GET /bundles/ibwjobeet/images/symfony.gif\" at C:\\wamp\\www\\GIT\\Symfony2.4\\app\\cache\\prod\\classes.php:1964, Symfony\\Component\\Routing\\Exception\\ResourceNotFoundException:  at C:\\wamp\\www\\GIT\\Symfony2.4\\app\\cache\\prod\\appProdUrlMatcher.php:90)"} []
[2014-04-27 15:51:19] request.ERROR: Uncaught PHP Exception Symfony\Component\HttpKernel\Exception\NotFoundHttpException: "No route found for "GET /bundles/ibwjobeet/images/jobeet-mini.png"" at C:\wamp\www\GIT\Symfony2.4\app\cache\prod\classes.php line 1964 {"exception":"[object] (Symfony\\Component\\HttpKernel\\Exception\\NotFoundHttpException: No route found for \"GET /bundles/ibwjobeet/images/jobeet-mini.png\" at C:\\wamp\\www\\GIT\\Symfony2.4\\app\\cache\\prod\\classes.php:1964, Symfony\\Component\\Routing\\Exception\\ResourceNotFoundException:  at C:\\wamp\\www\\GIT\\Symfony2.4\\app\\cache\\prod\\appProdUrlMatcher.php:90)"} []
[2014-04-27 15:51:19] request.ERROR: Uncaught PHP Exception Symfony\Component\HttpKernel\Exception\NotFoundHttpException: "No route found for "GET /bundles/ibwjobeet/images/logo.jpg"" at C:\wamp\www\GIT\Symfony2.4\app\cache\prod\classes.php line 1964 {"exception":"[object] (Symfony\\Component\\HttpKernel\\Exception\\NotFoundHttpException: No route found for \"GET /bundles/ibwjobeet/images/logo.jpg\" at C:\\wamp\\www\\GIT\\Symfony2.4\\app\\cache\\prod\\classes.php:1964, Symfony\\Component\\Routing\\Exception\\ResourceNotFoundException:  at C:\\wamp\\www\\GIT\\Symfony2.4\\app\\cache\\prod\\appProdUrlMatcher.php:90)"} []
[2014-04-27 15:53:46] request.ERROR: Uncaught PHP Exception Symfony\Component\HttpKernel\Exception\NotFoundHttpException: "No route found for "GET /bundles/ibwjobeet/css/main.css" (from "http://local.symfony.com/job/")" at C:\wamp\www\GIT\Symfony2.4\app\cache\prod\classes.php line 1964 {"exception":"[object] (Symfony\\Component\\HttpKernel\\Exception\\NotFoundHttpException: No route found for \"GET /bundles/ibwjobeet/css/main.css\" (from \"http://local.symfony.com/job/\") at C:\\wamp\\www\\GIT\\Symfony2.4\\app\\cache\\prod\\classes.php:1964, Symfony\\Component\\Routing\\Exception\\ResourceNotFoundException:  at C:\\wamp\\www\\GIT\\Symfony2.4\\app\\cache\\prod\\appProdUrlMatcher.php:90)"} []
[2014-04-27 15:53:47] request.ERROR: Uncaught PHP Exception Symfony\Component\HttpKernel\Exception\NotFoundHttpException: "No route found for "GET /bundles/ibwjobeet/css/jobs.css" (from "http://local.symfony.com/job/")" at C:\wamp\www\GIT\Symfony2.4\app\cache\prod\classes.php line 1964 {"exception":"[object] (Symfony\\Component\\HttpKernel\\Exception\\NotFoundHttpException: No route found for \"GET /bundles/ibwjobeet/css/jobs.css\" (from \"http://local.symfony.com/job/\") at C:\\wamp\\www\\GIT\\Symfony2.4\\app\\cache\\prod\\classes.php:1964, Symfony\\Component\\Routing\\Exception\\ResourceNotFoundException:  at C:\\wamp\\www\\GIT\\Symfony2.4\\app\\cache\\prod\\appProdUrlMatcher.php:90)"} []
[2014-04-27 15:53:47] request.ERROR: Uncaught PHP Exception Symfony\Component\HttpKernel\Exception\NotFoundHttpException: "No route found for "GET /bundles/ibwjobeet/images/symfony.gif" (from "http://local.symfony.com/job/")" at C:\wamp\www\GIT\Symfony2.4\app\cache\prod\classes.php line 1964 {"exception":"[object] (Symfony\\Component\\HttpKernel\\Exception\\NotFoundHttpException: No route found for \"GET /bundles/ibwjobeet/images/symfony.gif\" (from \"http://local.symfony.com/job/\") at C:\\wamp\\www\\GIT\\Symfony2.4\\app\\cache\\prod\\classes.php:1964, Symfony\\Component\\Routing\\Exception\\ResourceNotFoundException:  at C:\\wamp\\www\\GIT\\Symfony2.4\\app\\cache\\prod\\appProdUrlMatcher.php:90)"} []
[2014-04-27 15:53:47] request.ERROR: Uncaught PHP Exception Symfony\Component\HttpKernel\Exception\NotFoundHttpException: "No route found for "GET /bundles/ibwjobeet/images/logo.jpg" (from "http://local.symfony.com/job/")" at C:\wamp\www\GIT\Symfony2.4\app\cache\prod\classes.php line 1964 {"exception":"[object] (Symfony\\Component\\HttpKernel\\Exception\\NotFoundHttpException: No route found for \"GET /bundles/ibwjobeet/images/logo.jpg\" (from \"http://local.symfony.com/job/\") at C:\\wamp\\www\\GIT\\Symfony2.4\\app\\cache\\prod\\classes.php:1964, Symfony\\Component\\Routing\\Exception\\ResourceNotFoundException:  at C:\\wamp\\www\\GIT\\Symfony2.4\\app\\cache\\prod\\appProdUrlMatcher.php:90)"} []
[2014-04-27 15:53:47] request.ERROR: Uncaught PHP Exception Symfony\Component\HttpKernel\Exception\NotFoundHttpException: "No route found for "GET /bundles/ibwjobeet/images/jobeet-mini.png" (from "http://local.symfony.com/job/")" at C:\wamp\www\GIT\Symfony2.4\app\cache\prod\classes.php line 1964 {"exception":"[object] (Symfony\\Component\\HttpKernel\\Exception\\NotFoundHttpException: No route found for \"GET /bundles/ibwjobeet/images/jobeet-mini.png\" (from \"http://local.symfony.com/job/\") at C:\\wamp\\www\\GIT\\Symfony2.4\\app\\cache\\prod\\classes.php:1964, Symfony\\Component\\Routing\\Exception\\ResourceNotFoundException:  at C:\\wamp\\www\\GIT\\Symfony2.4\\app\\cache\\prod\\appProdUrlMatcher.php:90)"} []
[2014-04-27 15:53:49] request.ERROR: Uncaught PHP Exception Symfony\Component\HttpKernel\Exception\NotFoundHttpException: "No route found for "GET /bundles/ibwjobeet/images/logo.jpg"" at C:\wamp\www\GIT\Symfony2.4\app\cache\prod\classes.php line 1964 {"exception":"[object] (Symfony\\Component\\HttpKernel\\Exception\\NotFoundHttpException: No route found for \"GET /bundles/ibwjobeet/images/logo.jpg\" at C:\\wamp\\www\\GIT\\Symfony2.4\\app\\cache\\prod\\classes.php:1964, Symfony\\Component\\Routing\\Exception\\ResourceNotFoundException:  at C:\\wamp\\www\\GIT\\Symfony2.4\\app\\cache\\prod\\appProdUrlMatcher.php:90)"} []
[2014-04-27 15:53:49] request.ERROR: Uncaught PHP Exception Symfony\Component\HttpKernel\Exception\NotFoundHttpException: "No route found for "GET /bundles/ibwjobeet/images/symfony.gif"" at C:\wamp\www\GIT\Symfony2.4\app\cache\prod\classes.php line 1964 {"exception":"[object] (Symfony\\Component\\HttpKernel\\Exception\\NotFoundHttpException: No route found for \"GET /bundles/ibwjobeet/images/symfony.gif\" at C:\\wamp\\www\\GIT\\Symfony2.4\\app\\cache\\prod\\classes.php:1964, Symfony\\Component\\Routing\\Exception\\ResourceNotFoundException:  at C:\\wamp\\www\\GIT\\Symfony2.4\\app\\cache\\prod\\appProdUrlMatcher.php:90)"} []
[2014-04-27 15:53:53] request.ERROR: Uncaught PHP Exception Symfony\Component\HttpKernel\Exception\NotFoundHttpException: "No route found for "GET /bundles/ibwjobeet/images/symfony.gif"" at C:\wamp\www\GIT\Symfony2.4\app\cache\prod\classes.php line 1964 {"exception":"[object] (Symfony\\Component\\HttpKernel\\Exception\\NotFoundHttpException: No route found for \"GET /bundles/ibwjobeet/images/symfony.gif\" at C:\\wamp\\www\\GIT\\Symfony2.4\\app\\cache\\prod\\classes.php:1964, Symfony\\Component\\Routing\\Exception\\ResourceNotFoundException:  at C:\\wamp\\www\\GIT\\Symfony2.4\\app\\cache\\prod\\appProdUrlMatcher.php:90)"} []
[2014-04-27 15:53:53] request.ERROR: Uncaught PHP Exception Symfony\Component\HttpKernel\Exception\NotFoundHttpException: "No route found for "GET /bundles/ibwjobeet/images/logo.jpg"" at C:\wamp\www\GIT\Symfony2.4\app\cache\prod\classes.php line 1964 {"exception":"[object] (Symfony\\Component\\HttpKernel\\Exception\\NotFoundHttpException: No route found for \"GET /bundles/ibwjobeet/images/logo.jpg\" at C:\\wamp\\www\\GIT\\Symfony2.4\\app\\cache\\prod\\classes.php:1964, Symfony\\Component\\Routing\\Exception\\ResourceNotFoundException:  at C:\\wamp\\www\\GIT\\Symfony2.4\\app\\cache\\prod\\appProdUrlMatcher.php:90)"} []
[2014-04-27 15:53:53] request.ERROR: Uncaught PHP Exception Symfony\Component\HttpKernel\Exception\NotFoundHttpException: "No route found for "GET /bundles/ibwjobeet/images/jobeet-mini.png"" at C:\wamp\www\GIT\Symfony2.4\app\cache\prod\classes.php line 1964 {"exception":"[object] (Symfony\\Component\\HttpKernel\\Exception\\NotFoundHttpException: No route found for \"GET /bundles/ibwjobeet/images/jobeet-mini.png\" at C:\\wamp\\www\\GIT\\Symfony2.4\\app\\cache\\prod\\classes.php:1964, Symfony\\Component\\Routing\\Exception\\ResourceNotFoundException:  at C:\\wamp\\www\\GIT\\Symfony2.4\\app\\cache\\prod\\appProdUrlMatcher.php:90)"} []
[2014-04-27 16:03:49] request.ERROR: Uncaught PHP Exception Symfony\Component\HttpKernel\Exception\NotFoundHttpException: "No route found for "GET /uploads/jobs/extreme-sensio.gif" (from "http://local.symfony.com/job/2/show")" at C:\wamp\www\GIT\Symfony2.4\app\cache\prod\classes.php line 1964 {"exception":"[object] (Symfony\\Component\\HttpKernel\\Exception\\NotFoundHttpException: No route found for \"GET /uploads/jobs/extreme-sensio.gif\" (from \"http://local.symfony.com/job/2/show\") at C:\\wamp\\www\\GIT\\Symfony2.4\\app\\cache\\prod\\classes.php:1964, Symfony\\Component\\Routing\\Exception\\ResourceNotFoundException:  at C:\\wamp\\www\\GIT\\Symfony2.4\\app\\cache\\prod\\appProdUrlMatcher.php:90)"} []
[2014-04-27 16:04:01] request.ERROR: Uncaught PHP Exception Symfony\Component\HttpKernel\Exception\NotFoundHttpException: "No route found for "GET /uploads/jobs/sensio-labs.gif" (from "http://local.symfony.com/job/1/show")" at C:\wamp\www\GIT\Symfony2.4\app\cache\prod\classes.php line 1964 {"exception":"[object] (Symfony\\Component\\HttpKernel\\Exception\\NotFoundHttpException: No route found for \"GET /uploads/jobs/sensio-labs.gif\" (from \"http://local.symfony.com/job/1/show\") at C:\\wamp\\www\\GIT\\Symfony2.4\\app\\cache\\prod\\classes.php:1964, Symfony\\Component\\Routing\\Exception\\ResourceNotFoundException:  at C:\\wamp\\www\\GIT\\Symfony2.4\\app\\cache\\prod\\appProdUrlMatcher.php:90)"} []
[2014-04-27 16:04:02] request.ERROR: Uncaught PHP Exception Symfony\Component\HttpKernel\Exception\NotFoundHttpException: "No route found for "GET /uploads/jobs/extreme-sensio.gif" (from "http://local.symfony.com/job/2/show")" at C:\wamp\www\GIT\Symfony2.4\app\cache\prod\classes.php line 1964 {"exception":"[object] (Symfony\\Component\\HttpKernel\\Exception\\NotFoundHttpException: No route found for \"GET /uploads/jobs/extreme-sensio.gif\" (from \"http://local.symfony.com/job/2/show\") at C:\\wamp\\www\\GIT\\Symfony2.4\\app\\cache\\prod\\classes.php:1964, Symfony\\Component\\Routing\\Exception\\ResourceNotFoundException:  at C:\\wamp\\www\\GIT\\Symfony2.4\\app\\cache\\prod\\appProdUrlMatcher.php:90)"} []
[2014-04-27 16:04:13] request.ERROR: Uncaught PHP Exception Symfony\Component\HttpKernel\Exception\NotFoundHttpException: "No route found for "GET /uploads/jobs/sensio-labs.gif" (from "http://local.symfony.com/job/1/show")" at C:\wamp\www\GIT\Symfony2.4\app\cache\prod\classes.php line 1964 {"exception":"[object] (Symfony\\Component\\HttpKernel\\Exception\\NotFoundHttpException: No route found for \"GET /uploads/jobs/sensio-labs.gif\" (from \"http://local.symfony.com/job/1/show\") at C:\\wamp\\www\\GIT\\Symfony2.4\\app\\cache\\prod\\classes.php:1964, Symfony\\Component\\Routing\\Exception\\ResourceNotFoundException:  at C:\\wamp\\www\\GIT\\Symfony2.4\\app\\cache\\prod\\appProdUrlMatcher.php:90)"} []
[2014-04-27 16:04:14] request.ERROR: Uncaught PHP Exception Symfony\Component\HttpKernel\Exception\NotFoundHttpException: "No route found for "GET /uploads/jobs/extreme-sensio.gif" (from "http://local.symfony.com/job/2/show")" at C:\wamp\www\GIT\Symfony2.4\app\cache\prod\classes.php line 1964 {"exception":"[object] (Symfony\\Component\\HttpKernel\\Exception\\NotFoundHttpException: No route found for \"GET /uploads/jobs/extreme-sensio.gif\" (from \"http://local.symfony.com/job/2/show\") at C:\\wamp\\www\\GIT\\Symfony2.4\\app\\cache\\prod\\classes.php:1964, Symfony\\Component\\Routing\\Exception\\ResourceNotFoundException:  at C:\\wamp\\www\\GIT\\Symfony2.4\\app\\cache\\prod\\appProdUrlMatcher.php:90)"} []
[2014-04-27 16:05:17] request.ERROR: Uncaught PHP Exception Symfony\Component\HttpKernel\Exception\NotFoundHttpException: "No route found for "GET /uploads/jobs/sensio-labs.gif" (from "http://local.symfony.com/job/1/show")" at C:\wamp\www\GIT\Symfony2.4\app\cache\prod\classes.php line 1964 {"exception":"[object] (Symfony\\Component\\HttpKernel\\Exception\\NotFoundHttpException: No route found for \"GET /uploads/jobs/sensio-labs.gif\" (from \"http://local.symfony.com/job/1/show\") at C:\\wamp\\www\\GIT\\Symfony2.4\\app\\cache\\prod\\classes.php:1964, Symfony\\Component\\Routing\\Exception\\ResourceNotFoundException:  at C:\\wamp\\www\\GIT\\Symfony2.4\\app\\cache\\prod\\appProdUrlMatcher.php:90)"} []
[2014-04-27 16:05:22] request.ERROR: Uncaught PHP Exception Symfony\Component\HttpKernel\Exception\NotFoundHttpException: "No route found for "GET /uploads/jobs/extreme-sensio.gif" (from "http://local.symfony.com/job/2/show")" at C:\wamp\www\GIT\Symfony2.4\app\cache\prod\classes.php line 1964 {"exception":"[object] (Symfony\\Component\\HttpKernel\\Exception\\NotFoundHttpException: No route found for \"GET /uploads/jobs/extreme-sensio.gif\" (from \"http://local.symfony.com/job/2/show\") at C:\\wamp\\www\\GIT\\Symfony2.4\\app\\cache\\prod\\classes.php:1964, Symfony\\Component\\Routing\\Exception\\ResourceNotFoundException:  at C:\\wamp\\www\\GIT\\Symfony2.4\\app\\cache\\prod\\appProdUrlMatcher.php:90)"} []
[2014-04-27 16:05:24] request.INFO: Matched route "ibw_job_show" (parameters: "_controller": "Ibw\JobeetBundle\Controller\JobController::showAction", "id": "5", "_route": "ibw_job_show") [] []
[2014-04-27 16:05:25] request.ERROR: Uncaught PHP Exception Symfony\Component\HttpKernel\Exception\NotFoundHttpException: "Unable to find Job entity." at C:\wamp\www\GIT\Symfony2.4\vendor\symfony\symfony\src\Symfony\Bundle\FrameworkBundle\Controller\Controller.php line 149 {"exception":"[object] (Symfony\\Component\\HttpKernel\\Exception\\NotFoundHttpException: Unable to find Job entity. at C:\\wamp\\www\\GIT\\Symfony2.4\\vendor\\symfony\\symfony\\src\\Symfony\\Bundle\\FrameworkBundle\\Controller\\Controller.php:149)"} []
[2014-04-28 14:30:51] request.ERROR: Uncaught PHP Exception Symfony\Component\HttpKernel\Exception\NotFoundHttpException: "No route found for "GET /"" at C:\wamp\www\GIT\Symfony2.4\app\cache\prod\classes.php line 1964 {"exception":"[object] (Symfony\\Component\\HttpKernel\\Exception\\NotFoundHttpException: No route found for \"GET /\" at C:\\wamp\\www\\GIT\\Symfony2.4\\app\\cache\\prod\\classes.php:1964, Symfony\\Component\\Routing\\Exception\\ResourceNotFoundException:  at C:\\wamp\\www\\GIT\\Symfony2.4\\app\\cache\\prod\\appProdUrlMatcher.php:90)"} []
[2014-04-28 15:12:25] request.ERROR: Uncaught PHP Exception Symfony\Component\HttpKernel\Exception\NotFoundHttpException: "No route found for "GET /uploads/jobs/sensio-labs.gif" (from "http://local.symfony.com/job/sensio-labs/paris-france/1/web-developer")" at C:\wamp\www\GIT\Symfony2.4\app\cache\prod\classes.php line 1964 {"exception":"[object] (Symfony\\Component\\HttpKernel\\Exception\\NotFoundHttpException: No route found for \"GET /uploads/jobs/sensio-labs.gif\" (from \"http://local.symfony.com/job/sensio-labs/paris-france/1/web-developer\") at C:\\wamp\\www\\GIT\\Symfony2.4\\app\\cache\\prod\\classes.php:1964, Symfony\\Component\\Routing\\Exception\\ResourceNotFoundException:  at C:\\wamp\\www\\GIT\\Symfony2.4\\app\\cache\\prod\\appProdUrlMatcher.php:99)"} []
[2014-04-28 15:12:38] request.ERROR: Uncaught PHP Exception Symfony\Component\HttpKernel\Exception\NotFoundHttpException: "No route found for "GET /uploads/jobs/sensio-labs.gif" (from "http://local.symfony.com/job/sensio-labs/paris-france/1/web-developer")" at C:\wamp\www\GIT\Symfony2.4\app\cache\prod\classes.php line 1964 {"exception":"[object] (Symfony\\Component\\HttpKernel\\Exception\\NotFoundHttpException: No route found for \"GET /uploads/jobs/sensio-labs.gif\" (from \"http://local.symfony.com/job/sensio-labs/paris-france/1/web-developer\") at C:\\wamp\\www\\GIT\\Symfony2.4\\app\\cache\\prod\\classes.php:1964, Symfony\\Component\\Routing\\Exception\\ResourceNotFoundException:  at C:\\wamp\\www\\GIT\\Symfony2.4\\app\\cache\\prod\\appProdUrlMatcher.php:99)"} []
[2014-04-28 16:14:37] request.ERROR: Uncaught PHP Exception Symfony\Component\HttpKernel\Exception\NotFoundHttpException: "No route found for "GET /uploads/jobs/extreme-sensio.gif" (from "http://local.symfony.com/job/extreme-sensio/paris-france/8/web-designer")" at C:\wamp\www\GIT\Symfony2.4\app\cache\prod\classes.php line 1964 {"exception":"[object] (Symfony\\Component\\HttpKernel\\Exception\\NotFoundHttpException: No route found for \"GET /uploads/jobs/extreme-sensio.gif\" (from \"http://local.symfony.com/job/extreme-sensio/paris-france/8/web-designer\") at C:\\wamp\\www\\GIT\\Symfony2.4\\app\\cache\\prod\\classes.php:1964, Symfony\\Component\\Routing\\Exception\\ResourceNotFoundException:  at C:\\wamp\\www\\GIT\\Symfony2.4\\app\\cache\\prod\\appProdUrlMatcher.php:99)"} []
[2014-04-28 16:14:41] request.ERROR: Uncaught PHP Exception Symfony\Component\HttpKernel\Exception\NotFoundHttpException: "No route found for "GET /uploads/jobs/sensio-labs.gif" (from "http://local.symfony.com/job/extreme-sensio/paris-france/6/web-designer")" at C:\wamp\www\GIT\Symfony2.4\app\cache\prod\classes.php line 1964 {"exception":"[object] (Symfony\\Component\\HttpKernel\\Exception\\NotFoundHttpException: No route found for \"GET /uploads/jobs/sensio-labs.gif\" (from \"http://local.symfony.com/job/extreme-sensio/paris-france/6/web-designer\") at C:\\wamp\\www\\GIT\\Symfony2.4\\app\\cache\\prod\\classes.php:1964, Symfony\\Component\\Routing\\Exception\\ResourceNotFoundException:  at C:\\wamp\\www\\GIT\\Symfony2.4\\app\\cache\\prod\\appProdUrlMatcher.php:99)"} []
[2014-04-28 16:16:42] request.INFO: Matched route "ibw_job_show" (parameters: "_controller": "Ibw\JobeetBundle\Controller\JobController::showAction", "company": "extreme-sensio", "location": "paris-france", "id": "6", "position": "web-designer", "_route": "ibw_job_show") [] []
[2014-04-28 16:16:42] request.ERROR: Uncaught PHP Exception Symfony\Component\HttpKernel\Exception\NotFoundHttpException: "Unable to find Job entity." at C:\wamp\www\GIT\Symfony2.4\vendor\symfony\symfony\src\Symfony\Bundle\FrameworkBundle\Controller\Controller.php line 149 {"exception":"[object] (Symfony\\Component\\HttpKernel\\Exception\\NotFoundHttpException: Unable to find Job entity. at C:\\wamp\\www\\GIT\\Symfony2.4\\vendor\\symfony\\symfony\\src\\Symfony\\Bundle\\FrameworkBundle\\Controller\\Controller.php:149)"} []
[2014-05-01 03:24:38] request.INFO: Matched route "IbwJobeetBundle_category" (parameters: "_controller": "Ibw\JobeetBundle\Controller\CategoryController::showAction", "page": "1", "slug": "design", "_route": "IbwJobeetBundle_category") [] []
[2014-05-01 03:24:38] request.CRITICAL: Uncaught PHP Exception Symfony\Component\DependencyInjection\Exception\InvalidArgumentException: "The parameter "max_jobs_on_category" must be defined." at C:\wamp\www\GIT\Symfony2.4\app\cache\prod\appProdProjectContainer.php line 1120 {"exception":"[object] (Symfony\\Component\\DependencyInjection\\Exception\\InvalidArgumentException: The parameter \"max_jobs_on_category\" must be defined. at C:\\wamp\\www\\GIT\\Symfony2.4\\app\\cache\\prod\\appProdProjectContainer.php:1120)"} []
[2014-05-01 03:24:45] request.INFO: Matched route "IbwJobeetBundle_category" (parameters: "_controller": "Ibw\JobeetBundle\Controller\CategoryController::showAction", "page": "1", "slug": "manager", "_route": "IbwJobeetBundle_category") [] []
[2014-05-01 03:24:45] request.CRITICAL: Uncaught PHP Exception Symfony\Component\DependencyInjection\Exception\InvalidArgumentException: "The parameter "max_jobs_on_category" must be defined." at C:\wamp\www\GIT\Symfony2.4\app\cache\prod\appProdProjectContainer.php line 1120 {"exception":"[object] (Symfony\\Component\\DependencyInjection\\Exception\\InvalidArgumentException: The parameter \"max_jobs_on_category\" must be defined. at C:\\wamp\\www\\GIT\\Symfony2.4\\app\\cache\\prod\\appProdProjectContainer.php:1120)"} []
[2014-05-01 13:39:09] request.ERROR: Uncaught PHP Exception Symfony\Component\HttpKernel\Exception\NotFoundHttpException: "No route found for "GET /hello/Fabien"" at C:\wamp\www\GIT\Symfony2.4\app\cache\prod\classes.php line 1964 {"exception":"[object] (Symfony\\Component\\HttpKernel\\Exception\\NotFoundHttpException: No route found for \"GET /hello/Fabien\" at C:\\wamp\\www\\GIT\\Symfony2.4\\app\\cache\\prod\\classes.php:1964, Symfony\\Component\\Routing\\Exception\\ResourceNotFoundException:  at C:\\wamp\\www\\GIT\\Symfony2.4\\app\\cache\\prod\\appProdUrlMatcher.php:104)"} []
[2014-05-01 13:40:07] request.ERROR: Uncaught PHP Exception Symfony\Component\HttpKernel\Exception\NotFoundHttpException: "No route found for "GET /hello/Fabien"" at C:\wamp\www\GIT\Symfony2.4\app\cache\prod\classes.php line 1964 {"exception":"[object] (Symfony\\Component\\HttpKernel\\Exception\\NotFoundHttpException: No route found for \"GET /hello/Fabien\" at C:\\wamp\\www\\GIT\\Symfony2.4\\app\\cache\\prod\\classes.php:1964, Symfony\\Component\\Routing\\Exception\\ResourceNotFoundException:  at C:\\wamp\\www\\GIT\\Symfony2.4\\app\\cache\\prod\\appProdUrlMatcher.php:104)"} []
[2014-05-01 14:39:22] request.ERROR: Uncaught PHP Exception Symfony\Component\HttpKernel\Exception\NotFoundHttpException: "No route found for "GET /cov/Repository.html"" at C:\wamp\www\GIT\Symfony2.4\app\cache\prod\classes.php line 1964 {"exception":"[object] (Symfony\\Component\\HttpKernel\\Exception\\NotFoundHttpException: No route found for \"GET /cov/Repository.html\" at C:\\wamp\\www\\GIT\\Symfony2.4\\app\\cache\\prod\\classes.php:1964, Symfony\\Component\\Routing\\Exception\\ResourceNotFoundException:  at C:\\wamp\\www\\GIT\\Symfony2.4\\app\\cache\\prod\\appProdUrlMatcher.php:109)"} []
[2014-05-01 14:40:52] request.ERROR: Uncaught PHP Exception Symfony\Component\HttpKernel\Exception\NotFoundHttpException: "No route found for "GET /cov/Repository.html"" at C:\wamp\www\GIT\Symfony2.4\app\cache\prod\classes.php line 1964 {"exception":"[object] (Symfony\\Component\\HttpKernel\\Exception\\NotFoundHttpException: No route found for \"GET /cov/Repository.html\" at C:\\wamp\\www\\GIT\\Symfony2.4\\app\\cache\\prod\\classes.php:1964, Symfony\\Component\\Routing\\Exception\\ResourceNotFoundException:  at C:\\wamp\\www\\GIT\\Symfony2.4\\app\\cache\\prod\\appProdUrlMatcher.php:109)"} []
[2014-05-02 02:48:00] request.INFO: Matched route "IbwJobeetBundle_category" (parameters: "_controller": "Ibw\JobeetBundle\Controller\CategoryController::showAction", "page": "1", "slug": "index", "_route": "IbwJobeetBundle_category") [] []
[2014-05-02 02:48:00] request.ERROR: Uncaught PHP Exception Symfony\Component\HttpKernel\Exception\NotFoundHttpException: "Unable to find Category entity." at C:\wamp\www\GIT\Symfony2.4\vendor\symfony\symfony\src\Symfony\Bundle\FrameworkBundle\Controller\Controller.php line 149 {"exception":"[object] (Symfony\\Component\\HttpKernel\\Exception\\NotFoundHttpException: Unable to find Category entity. at C:\\wamp\\www\\GIT\\Symfony2.4\\vendor\\symfony\\symfony\\src\\Symfony\\Bundle\\FrameworkBundle\\Controller\\Controller.php:149)"} []
[2014-05-02 03:05:00] request.ERROR: Uncaught PHP Exception Symfony\Component\HttpKernel\Exception\NotFoundHttpException: "No route found for "GET /uploads/jobs/extreme-sensio.gif" (from "http://local.symfony.com/job/extreme-sensio/paris-france/3/web-designer")" at C:\wamp\www\GIT\Symfony2.4\app\cache\prod\classes.php line 1964 {"exception":"[object] (Symfony\\Component\\HttpKernel\\Exception\\NotFoundHttpException: No route found for \"GET /uploads/jobs/extreme-sensio.gif\" (from \"http://local.symfony.com/job/extreme-sensio/paris-france/3/web-designer\") at C:\\wamp\\www\\GIT\\Symfony2.4\\app\\cache\\prod\\classes.php:1964, Symfony\\Component\\Routing\\Exception\\ResourceNotFoundException:  at C:\\wamp\\www\\GIT\\Symfony2.4\\app\\cache\\prod\\appProdUrlMatcher.php:109)"} []
[2014-05-02 03:52:51] request.ERROR: Uncaught PHP Exception Symfony\Component\HttpKernel\Exception\NotFoundHttpException: "No route found for "GET /uploads/jobs/extreme-sensio.gif" (from "http://local.symfony.com/job/extreme-sensio/paris-france/3/web-designer")" at C:\wamp\www\GIT\Symfony2.4\app\cache\prod\classes.php line 1964 {"exception":"[object] (Symfony\\Component\\HttpKernel\\Exception\\NotFoundHttpException: No route found for \"GET /uploads/jobs/extreme-sensio.gif\" (from \"http://local.symfony.com/job/extreme-sensio/paris-france/3/web-designer\") at C:\\wamp\\www\\GIT\\Symfony2.4\\app\\cache\\prod\\classes.php:1964, Symfony\\Component\\Routing\\Exception\\ResourceNotFoundException:  at C:\\wamp\\www\\GIT\\Symfony2.4\\app\\cache\\prod\\appProdUrlMatcher.php:109)"} []
[2014-05-02 03:52:58] request.ERROR: Uncaught PHP Exception Symfony\Component\HttpKernel\Exception\NotFoundHttpException: "No route found for "GET /uploads/jobs/extreme-sensio.gif" (from "http://local.symfony.com/job/extreme-sensio/paris-france/3/web-designer")" at C:\wamp\www\GIT\Symfony2.4\app\cache\prod\classes.php line 1964 {"exception":"[object] (Symfony\\Component\\HttpKernel\\Exception\\NotFoundHttpException: No route found for \"GET /uploads/jobs/extreme-sensio.gif\" (from \"http://local.symfony.com/job/extreme-sensio/paris-france/3/web-designer\") at C:\\wamp\\www\\GIT\\Symfony2.4\\app\\cache\\prod\\classes.php:1964, Symfony\\Component\\Routing\\Exception\\ResourceNotFoundException:  at C:\\wamp\\www\\GIT\\Symfony2.4\\app\\cache\\prod\\appProdUrlMatcher.php:109)"} []
[2014-05-02 04:42:45] request.ERROR: Uncaught PHP Exception Symfony\Component\HttpKernel\Exception\NotFoundHttpException: "No route found for "GET /uploads/jobs/extreme-sensio.gif" (from "http://local.symfony.com/app_dev.php/job/extreme-sensio/paris-france/3/web-designer")" at C:\wamp\www\GIT\Symfony2.4\app\cache\prod\classes.php line 1964 {"exception":"[object] (Symfony\\Component\\HttpKernel\\Exception\\NotFoundHttpException: No route found for \"GET /uploads/jobs/extreme-sensio.gif\" (from \"http://local.symfony.com/app_dev.php/job/extreme-sensio/paris-france/3/web-designer\") at C:\\wamp\\www\\GIT\\Symfony2.4\\app\\cache\\prod\\classes.php:1964, Symfony\\Component\\Routing\\Exception\\ResourceNotFoundException:  at C:\\wamp\\www\\GIT\\Symfony2.4\\app\\cache\\prod\\appProdUrlMatcher.php:114)"} []
[2014-05-02 04:42:46] request.ERROR: Uncaught PHP Exception Symfony\Component\HttpKernel\Exception\NotFoundHttpException: "No route found for "GET /uploads/jobs/sensio-labs.gif" (from "http://local.symfony.com/app_dev.php/job/sensio-labs/paris-france/2/web-developer")" at C:\wamp\www\GIT\Symfony2.4\app\cache\prod\classes.php line 1964 {"exception":"[object] (Symfony\\Component\\HttpKernel\\Exception\\NotFoundHttpException: No route found for \"GET /uploads/jobs/sensio-labs.gif\" (from \"http://local.symfony.com/app_dev.php/job/sensio-labs/paris-france/2/web-developer\") at C:\\wamp\\www\\GIT\\Symfony2.4\\app\\cache\\prod\\classes.php:1964, Symfony\\Component\\Routing\\Exception\\ResourceNotFoundException:  at C:\\wamp\\www\\GIT\\Symfony2.4\\app\\cache\\prod\\appProdUrlMatcher.php:114)"} []
[2014-05-02 04:43:20] request.ERROR: Uncaught PHP Exception Symfony\Component\HttpKernel\Exception\NotFoundHttpException: "No route found for "GET /uploads/jobs/extreme-sensio.gif" (from "http://local.symfony.com/app_dev.php/job/extreme-sensio/paris-france/3/web-designer")" at C:\wamp\www\GIT\Symfony2.4\app\cache\prod\classes.php line 1964 {"exception":"[object] (Symfony\\Component\\HttpKernel\\Exception\\NotFoundHttpException: No route found for \"GET /uploads/jobs/extreme-sensio.gif\" (from \"http://local.symfony.com/app_dev.php/job/extreme-sensio/paris-france/3/web-designer\") at C:\\wamp\\www\\GIT\\Symfony2.4\\app\\cache\\prod\\classes.php:1964, Symfony\\Component\\Routing\\Exception\\ResourceNotFoundException:  at C:\\wamp\\www\\GIT\\Symfony2.4\\app\\cache\\prod\\appProdUrlMatcher.php:114)"} []
[2014-05-03 01:35:01] request.INFO: Matched route "ibw_jobeet_homepage" (parameters: "_controller": "Ibw\JobeetBundle\Controller\JobController::indexAction", "_route": "ibw_jobeet_homepage") [] []
[2014-05-03 01:35:02] request.CRITICAL: Uncaught PHP Exception Symfony\Component\DependencyInjection\Exception\InvalidArgumentException: "The parameter "max_jobs_on_homepage" must be defined." at C:\wamp\www\GIT\Symfony2.4\app\cache\prod\appProdProjectContainer.php line 1881 {"exception":"[object] (Symfony\\Component\\DependencyInjection\\Exception\\InvalidArgumentException: The parameter \"max_jobs_on_homepage\" must be defined. at C:\\wamp\\www\\GIT\\Symfony2.4\\app\\cache\\prod\\appProdProjectContainer.php:1881)"} []
[2014-05-03 01:36:30] request.INFO: Matched route "ibw_jobeet_homepage" (parameters: "_controller": "Ibw\JobeetBundle\Controller\JobController::indexAction", "_route": "ibw_jobeet_homepage") [] []
[2014-05-03 01:36:30] request.CRITICAL: Uncaught PHP Exception Symfony\Component\DependencyInjection\Exception\InvalidArgumentException: "The parameter "max_jobs_on_homepage" must be defined." at C:\wamp\www\GIT\Symfony2.4\app\cache\prod\appProdProjectContainer.php line 1881 {"exception":"[object] (Symfony\\Component\\DependencyInjection\\Exception\\InvalidArgumentException: The parameter \"max_jobs_on_homepage\" must be defined. at C:\\wamp\\www\\GIT\\Symfony2.4\\app\\cache\\prod\\appProdProjectContainer.php:1881)"} []
[2014-05-03 02:27:04] request.ERROR: Uncaught PHP Exception Symfony\Component\HttpKernel\Exception\NotFoundHttpException: "No route found for "GET /uploads/jobs/extreme-sensio.gif" (from "http://local.symfony.com/app_dev.php/job/extreme-sensio/paris-france/3/web-designer")" at C:\wamp\www\GIT\Symfony2.4\vendor\symfony\symfony\src\Symfony\Component\HttpKernel\EventListener\RouterListener.php line 145 {"exception":"[object] (Symfony\\Component\\HttpKernel\\Exception\\NotFoundHttpException: No route found for \"GET /uploads/jobs/extreme-sensio.gif\" (from \"http://local.symfony.com/app_dev.php/job/extreme-sensio/paris-france/3/web-designer\") at C:\\wamp\\www\\GIT\\Symfony2.4\\vendor\\symfony\\symfony\\src\\Symfony\\Component\\HttpKernel\\EventListener\\RouterListener.php:145, Symfony\\Component\\Routing\\Exception\\ResourceNotFoundException:  at C:\\wamp\\www\\GIT\\Symfony2.4\\app\\cache\\prod\\appProdUrlMatcher.php:281)"} []
[2014-05-03 03:17:44] request.ERROR: Uncaught PHP Exception Symfony\Component\HttpKernel\Exception\NotFoundHttpException: "No route found for "GET /uploads/jobs/extreme-sensio.gif" (from "http://local.symfony.com/app_dev.php/category/design?_format=atom")" at C:\wamp\www\GIT\Symfony2.4\app\cache\prod\classes.php line 1964 {"exception":"[object] (Symfony\\Component\\HttpKernel\\Exception\\NotFoundHttpException: No route found for \"GET /uploads/jobs/extreme-sensio.gif\" (from \"http://local.symfony.com/app_dev.php/category/design?_format=atom\") at C:\\wamp\\www\\GIT\\Symfony2.4\\app\\cache\\prod\\classes.php:1964, Symfony\\Component\\Routing\\Exception\\ResourceNotFoundException:  at C:\\wamp\\www\\GIT\\Symfony2.4\\app\\cache\\prod\\appProdUrlMatcher.php:281)"} []
[2014-05-03 03:17:51] request.ERROR: Uncaught PHP Exception Symfony\Component\HttpKernel\Exception\NotFoundHttpException: "No route found for "GET /uploads/jobs/extreme-sensio.gif" (from "http://local.symfony.com/app_dev.php/job/?_format=atom")" at C:\wamp\www\GIT\Symfony2.4\vendor\symfony\symfony\src\Symfony\Component\HttpKernel\EventListener\RouterListener.php line 145 {"exception":"[object] (Symfony\\Component\\HttpKernel\\Exception\\NotFoundHttpException: No route found for \"GET /uploads/jobs/extreme-sensio.gif\" (from \"http://local.symfony.com/app_dev.php/job/?_format=atom\") at C:\\wamp\\www\\GIT\\Symfony2.4\\vendor\\symfony\\symfony\\src\\Symfony\\Component\\HttpKernel\\EventListener\\RouterListener.php:145, Symfony\\Component\\Routing\\Exception\\ResourceNotFoundException:  at C:\\wamp\\www\\GIT\\Symfony2.4\\app\\cache\\prod\\appProdUrlMatcher.php:281)"} []
[2014-05-03 03:17:51] request.ERROR: Uncaught PHP Exception Symfony\Component\HttpKernel\Exception\NotFoundHttpException: "No route found for "GET /uploads/jobs/sensio-labs.gif" (from "http://local.symfony.com/app_dev.php/job/?_format=atom")" at C:\wamp\www\GIT\Symfony2.4\vendor\symfony\symfony\src\Symfony\Component\HttpKernel\EventListener\RouterListener.php line 145 {"exception":"[object] (Symfony\\Component\\HttpKernel\\Exception\\NotFoundHttpException: No route found for \"GET /uploads/jobs/sensio-labs.gif\" (from \"http://local.symfony.com/app_dev.php/job/?_format=atom\") at C:\\wamp\\www\\GIT\\Symfony2.4\\vendor\\symfony\\symfony\\src\\Symfony\\Component\\HttpKernel\\EventListener\\RouterListener.php:145, Symfony\\Component\\Routing\\Exception\\ResourceNotFoundException:  at C:\\wamp\\www\\GIT\\Symfony2.4\\app\\cache\\prod\\appProdUrlMatcher.php:281)"} []
[2014-05-03 03:19:12] request.ERROR: Uncaught PHP Exception Symfony\Component\HttpKernel\Exception\NotFoundHttpException: "No route found for "GET /uploads/jobs/extreme-sensio.gif" (from "http://local.symfony.com/category/design?_format=atom")" at C:\wamp\www\GIT\Symfony2.4\app\cache\prod\classes.php line 1964 {"exception":"[object] (Symfony\\Component\\HttpKernel\\Exception\\NotFoundHttpException: No route found for \"GET /uploads/jobs/extreme-sensio.gif\" (from \"http://local.symfony.com/category/design?_format=atom\") at C:\\wamp\\www\\GIT\\Symfony2.4\\app\\cache\\prod\\classes.php:1964, Symfony\\Component\\Routing\\Exception\\ResourceNotFoundException:  at C:\\wamp\\www\\GIT\\Symfony2.4\\app\\cache\\prod\\appProdUrlMatcher.php:281)"} []
